[+] Containers:
 |- [+] Container: /Game/FirstPerson/Maps/FirstPersonMap
 |   |- [+] ActorDescs:
 |   |   |- Guid:037D89D54B3968BE6A3A7EA533B32A21 BaseClass: NativeClass:/Script/Engine.StaticMeshActor Name:StaticMeshActor_UAID_50EBF6B6EB58CD0E02_1202904368 Label:Cube_007_Rough_0 SpatiallyLoaded:1 Bounds:IsValid=true, Min=(X=-1269.525 Y=2491.923 Z=1446.272), Max=(X=-1129.610 Y=2631.838 Z=1550.501) RuntimeGrid:None EditorOnly:0 RuntimeOnly:0 HLODRelevant:1
 |   |   |- Guid:10E782E446084C481F5624942291AC4A BaseClass: NativeClass:/Script/Engine.StaticMeshActor Name:StaticMeshActor_UAID_50EBF6B6EB58840E02_1326278512 Label:Object_3 SpatiallyLoaded:1 Bounds:IsValid=true, Min=(X=-1349.243 Y=1807.488 Z=1493.430), Max=(X=-829.882 Y=2225.890 Z=1696.784) RuntimeGrid:None EditorOnly:0 RuntimeOnly:0 HLODRelevant:1
 |   |   |- Guid:1F70A1B24422EC93844F249B8CF1D46C BaseClass: NativeClass:/Script/Engine.TriggerVolume Name:TriggerVolume_UAID_50EBF6B6EB58840E02_1844936512 Label:TriggerVolume SpatiallyLoaded:1 Bounds:IsValid=true, Min=(X=-1260.000 Y=1690.000 Z=1620.000), Max=(X=-1160.000 Y=1790.000 Z=1720.000) RuntimeGrid:None EditorOnly:0 RuntimeOnly:0 HLODRelevant:0
 |   |   |- Guid:24CFE1D44C0D79BF8351F39233DD7D72 BaseClass: NativeClass:/Script/Engine.StaticMeshActor Name:StaticMeshActor_UAID_50EBF6B6EB58CD0E02_1202878366 Label:Cube_005_Rough_0 SpatiallyLoaded:1 Bounds:IsValid=true, Min=(X=-1235.942 Y=2529.244 Z=1547.206), Max=(X=-1171.354 Y=2597.008 Z=1582.142) RuntimeGrid:None EditorOnly:0 RuntimeOnly:0 HLODRelevant:1
 |   |   |- Guid:26FD87034BA644D1EDB301B3808535EB BaseClass: NativeClass:/Script/Engine.StaticMeshActor Name:StaticMeshActor_UAID_50EBF6B6EB58CD0E02_1202827362 Label:Cube_003_Rough_0 SpatiallyLoaded:1 Bounds:IsValid=true, Min=(X=-1540.146 Y=2389.721 Z=1468.127), Max=(X=-1480.503 Y=2769.274 Z=1538.777) RuntimeGrid:None EditorOnly:0 RuntimeOnly:0 HLODRelevant:1
 |   |   |- Guid:3811F90145E6A379C0B60FAB1949D28A BaseClass: NativeClass:/Script/Engine.StaticMeshActor Name:StaticMeshActor_UAID_50EBF6B6EB58CD0E02_1202944371 Label:Door_L_Smooth_Scracthes_0 SpatiallyLoaded:1 Bounds:IsValid=true, Min=(X=-1093.436 Y=2273.054 Z=1459.659), Max=(X=-990.921 Y=2277.974 Z=1613.439) RuntimeGrid:None EditorOnly:0 RuntimeOnly:0 HLODRelevant:1
 |   |   |- Guid:3994AEAD472DE498CA5F1FB47717D4CC BaseClass: NativeClass:/Script/Engine.StaticMeshActor Name:StaticMeshActor_UAID_50EBF6B6EB58CD0E02_1203009376 Label:DoorFrame_Smooth_Scracthes_0 SpatiallyLoaded:1 Bounds:IsValid=true, Min=(X=-1024.276 Y=2289.436 Z=1546.634), Max=(X=-860.042 Y=2303.893 Z=1582.330) RuntimeGrid:None EditorOnly:0 RuntimeOnly:0 HLODRelevant:1
 |   |   |- Guid:5CE7DB0C43D641712EE7CBB35A8F9AB2 BaseClass: NativeClass:/Script/Engine.StaticMeshActor Name:StaticMeshActor_UAID_50EBF6B6EB58CD0E02_1202814361 Label:Cube_002_Rough_0 SpatiallyLoaded:1 Bounds:IsValid=true, Min=(X=-1444.354 Y=2301.331 Z=1468.127), Max=(X=-1064.802 Y=2360.974 Z=1538.777) RuntimeGrid:None EditorOnly:0 RuntimeOnly:0 HLODRelevant:1
 |   |   |- Guid:5CEEA00B49349D8E76869FB184789030 BaseClass: NativeClass:/Script/Engine.PlayerStart Name:PlayerStart_UAID_50EBF6B6EB58840E02_1910676513 Label:PlayerStart2 SpatiallyLoaded:0 Bounds:IsValid=true, Min=(X=-1064.422 Y=1919.739 Z=2086.624), Max=(X=-984.422 Y=1999.739 Z=2270.624) RuntimeGrid:None EditorOnly:0 RuntimeOnly:0 HLODRelevant:0
 |   |   |- Guid:5FA734294BBF2CED9706CE919A6790F5 BaseClass: NativeClass:/Script/Engine.StaticMeshActor Name:StaticMeshActor_UAID_50EBF6B6EB58CD0E02_1202853364 Label:Cube_005_keys_0 SpatiallyLoaded:1 Bounds:IsValid=true, Min=(X=-1221.706 Y=2539.743 Z=1554.086), Max=(X=-1182.208 Y=2588.826 Z=1554.086) RuntimeGrid:None EditorOnly:0 RuntimeOnly:0 HLODRelevant:1
 |   |   |- Guid:5FE7584649BB6F09265329A6C57CFD0D BaseClass: NativeClass:/Script/Engine.VolumetricCloud Name:VolumetricCloud_0 Label:VolumetricCloud SpatiallyLoaded:0 Bounds:IsValid=true, Min=(X=0.000 Y=-4460.000 Z=820.000), Max=(X=0.000 Y=-4460.000 Z=820.000) RuntimeGrid:None EditorOnly:0 RuntimeOnly:0 HLODRelevant:0 FolderPath:Lighting FolderGuid:0BA5F0A04EADB18E70D5B180D08FA34B
 |   |   |- Guid:61391D344900612A77DFC3BA3E354907 BaseClass: NativeClass:/Script/Engine.ExponentialHeightFog Name:ExponentialHeightFog_0 Label:ExponentialHeightFog SpatiallyLoaded:0 Bounds:IsValid=true, Min=(X=-5600.000 Y=-50.000 Z=-6850.000), Max=(X=-5600.000 Y=-50.000 Z=-6850.000) RuntimeGrid:None EditorOnly:0 RuntimeOnly:0 HLODRelevant:0 FolderPath:Lighting FolderGuid:0BA5F0A04EADB18E70D5B180D08FA34B
 |   |   |- Guid:636F83B54FB6F0F33049AE976DFE0469 BaseClass: NativeClass:/Script/Engine.StaticMeshActor Name:StaticMeshActor_UAID_50EBF6B6EB58CD0E02_1202997375 Label:DoorFrame_Rough_0 SpatiallyLoaded:1 Bounds:IsValid=true, Min=(X=-1040.178 Y=2254.920 Z=1454.672), Max=(X=-845.424 Y=2309.700 Z=1622.958) RuntimeGrid:None EditorOnly:0 RuntimeOnly:0 HLODRelevant:1
 |   |   |- Guid:6610D80844187A60EC3D48ABAE6C40C1 BaseClass: NativeClass:/Script/Engine.StaticMeshActor Name:StaticMeshActor_UAID_50EBF6B6EB58CD0E02_1202866365 Label:Cube_005_LaptopBack_0 SpatiallyLoaded:1 Bounds:IsValid=true, Min=(X=-1229.603 Y=2533.205 Z=1552.448), Max=(X=-1199.695 Y=2579.517 Z=1573.271) RuntimeGrid:None EditorOnly:0 RuntimeOnly:0 HLODRelevant:1
 |   |   |- Guid:6FEFB3BD4EB37B849EF0D4AC80F83855 BaseClass: NativeClass:/Script/Engine.WorldDataLayers Name:WorldDataLayers Label:WorldDataLayers SpatiallyLoaded:0 Bounds:IsValid=true, Min=(X=0.000 Y=0.000 Z=0.000), Max=(X=0.000 Y=0.000 Z=0.000) RuntimeGrid:None EditorOnly:0 RuntimeOnly:0 HLODRelevant:0
 |   |   |- Guid:75380C084C329A70AE4D6CAD300BE4B2 BaseClass: NativeClass:/Script/Engine.StaticMeshActor Name:StaticMeshActor_UAID_50EBF6B6EB58840E02_1326291513 Label:Object_4 SpatiallyLoaded:1 Bounds:IsValid=true, Min=(X=-1328.046 Y=1748.562 Z=1516.234), Max=(X=-843.252 Y=2257.458 Z=1726.981) RuntimeGrid:None EditorOnly:0 RuntimeOnly:0 HLODRelevant:1
 |   |   |- Guid:7F797AE04334BA74D394278EDD7FED30 BaseClass: NativeClass:/Script/Engine.StaticMeshActor Name:StaticMeshActor_UAID_50EBF6B6EB58CD0E02_1203021377 Label:Pipe_Smooth_Scracthes_0 SpatiallyLoaded:1 Bounds:IsValid=true, Min=(X=-599.053 Y=2288.141 Z=1446.236), Max=(X=-564.188 Y=2340.820 Z=1625.441) RuntimeGrid:None EditorOnly:0 RuntimeOnly:0 HLODRelevant:1
 |   |   |- Guid:8F08755C41B0A92E886DA3B93DD7561A BaseClass: NativeClass:/Script/Engine.StaticMeshActor Name:StaticMeshActor_UAID_50EBF6B6EB58CD0E02_1202798360 Label:Cube_001_Rough_0 SpatiallyLoaded:1 Bounds:IsValid=true, Min=(X=-1314.075 Y=2972.661 Z=1447.317), Max=(X=-1213.133 Y=3073.603 Z=1518.730) RuntimeGrid:None EditorOnly:0 RuntimeOnly:0 HLODRelevant:1
 |   |   |- Guid:9598A9D64F8627395390F9AA244760FD BaseClass: NativeClass:/Script/Engine.StaticMeshActor Name:StaticMeshActor_UAID_50EBF6B6EB58840E02_1326261511 Label:Object_2 SpatiallyLoaded:1 Bounds:IsValid=true, Min=(X=-1356.952 Y=1723.023 Z=1516.283), Max=(X=-804.003 Y=2257.262 Z=1727.286) RuntimeGrid:None EditorOnly:0 RuntimeOnly:0 HLODRelevant:1
 |   |   |- Guid:9A77CA8A4FC7C7F4A6801D8951CF36D9 BaseClass: NativeClass:/Script/Engine.StaticMeshActor Name:StaticMeshActor_UAID_50EBF6B6EB58CD0E02_1202958372 Label:Door_R_Smooth_Scracthes_0 SpatiallyLoaded:1 Bounds:IsValid=true, Min=(X=-894.026 Y=2273.054 Z=1459.659), Max=(X=-792.114 Y=2277.974 Z=1613.439) RuntimeGrid:None EditorOnly:0 RuntimeOnly:0 HLODRelevant:1
 |   |   |- Guid:A24720064E58676CA293909579555711 BaseClass: NativeClass:/Script/Engine.StaticMeshActor Name:StaticMeshActor_UAID_50EBF6B6EB58CD0E02_1202970373 Label:DoorFrame_Glow_0 SpatiallyLoaded:1 Bounds:IsValid=true, Min=(X=-1016.983 Y=2288.179 Z=1580.575), Max=(X=-868.619 Y=2303.930 Z=1616.027) RuntimeGrid:None EditorOnly:0 RuntimeOnly:0 HLODRelevant:1
 |   |   |- Guid:B472AC8641ABA1EE17472EBDA9F70340 BaseClass: NativeClass:/Script/Engine.StaticMeshActor Name:StaticMeshActor_UAID_50EBF6B6EB58CD0E02_1202891367 Label:Cube_005_Screen_0 SpatiallyLoaded:1 Bounds:IsValid=true, Min=(X=-1231.862 Y=2533.426 Z=1556.445), Max=(X=-1200.194 Y=2577.573 Z=1579.249) RuntimeGrid:None EditorOnly:0 RuntimeOnly:0 HLODRelevant:1
 |   |   |- Guid:B5DFF7A94AD32E0BCFB5C8A73043D20B BaseClass: NativeClass:/Script/Engine.StaticMeshActor Name:StaticMeshActor_UAID_50EBF6B6EB58CD0E02_1522588359 Label:StaticMeshActor SpatiallyLoaded:1 Bounds:IsValid=true, Min=(X=-680.000 Y=2860.000 Z=1520.000), Max=(X=-680.000 Y=2860.000 Z=1520.000) RuntimeGrid:None EditorOnly:0 RuntimeOnly:0 HLODRelevant:0
 |   |   |- Guid:C203A09E435AEEA5DC3016930CC268D5 BaseClass: NativeClass:/Script/Engine.StaticMeshActor Name:StaticMeshActor_UAID_50EBF6B6EB58CD0E02_1202931370 Label:Cube_Rough_0 SpatiallyLoaded:1 Bounds:IsValid=true, Min=(X=-1551.895 Y=2287.250 Z=1445.561), Max=(X=-333.707 Y=3505.438 Z=1637.296) RuntimeGrid:None EditorOnly:0 RuntimeOnly:0 HLODRelevant:1
 |   |   |- Guid:C22CE07C4B87D685137FDBBC10FC92C6 BaseClass: NativeClass:/Script/Engine.SkyAtmosphere Name:SkyAtmosphere_0 Label:SkyAtmosphere SpatiallyLoaded:0 Bounds:IsValid=true, Min=(X=0.000 Y=-5090.000 Z=1020.000), Max=(X=0.000 Y=-5090.000 Z=1020.000) RuntimeGrid:None EditorOnly:0 RuntimeOnly:0 HLODRelevant:0 FolderPath:Lighting FolderGuid:0BA5F0A04EADB18E70D5B180D08FA34B
 |   |   |- Guid:CE8D82634660FCDB3120E2B8D547C533 BaseClass: NativeClass:/Script/Engine.PostProcessVolume Name:PostProcessVolume_0 Label:PostProcessVolume SpatiallyLoaded:0 Bounds:IsValid=true, Min=(X=0.000 Y=-4460.000 Z=400.000), Max=(X=200.000 Y=-4260.000 Z=600.000) RuntimeGrid:None EditorOnly:0 RuntimeOnly:0 HLODRelevant:0 FolderPath:Lighting FolderGuid:0BA5F0A04EADB18E70D5B180D08FA34B
 |   |   |- Guid:D6954AC9453AE3050D6F75A08F983989 BaseClass: NativeClass:/Script/Engine.StaticMeshActor Name:StaticMeshActor_UAID_50EBF6B6EB58CD0E02_1202983374 Label:DoorFrame_Keypad_0 SpatiallyLoaded:1 Bounds:IsValid=true, Min=(X=-869.330 Y=2306.875 Z=1527.533), Max=(X=-854.629 Y=2309.563 Z=1548.804) RuntimeGrid:None EditorOnly:0 RuntimeOnly:0 HLODRelevant:1
 |   |   |- Guid:E1BFC97446C68CCBE9CAF99594C94D06 BaseClass: NativeClass:/Script/Engine.StaticMeshActor Name:StaticMeshActor_UAID_50EBF6B6EB58CD0E02_1202839363 Label:Cube_004_Rough_0 SpatiallyLoaded:1 Bounds:IsValid=true, Min=(X=-771.073 Y=2808.590 Z=1446.999), Max=(X=-670.346 Y=2909.317 Z=1528.404) RuntimeGrid:None EditorOnly:0 RuntimeOnly:0 HLODRelevant:1
 |   |   |- Guid:E5320C1B4FD9764CE7B54D8487AEC613 BaseClass: NativeClass:/Script/Engine.SkyLight Name:SkyLight_0 Label:SkyLight SpatiallyLoaded:0 Bounds:IsValid=true, Min=(X=0.000 Y=-4460.000 Z=690.000), Max=(X=0.000 Y=-4460.000 Z=690.000) RuntimeGrid:None EditorOnly:0 RuntimeOnly:0 HLODRelevant:0 FolderPath:Lighting FolderGuid:0BA5F0A04EADB18E70D5B180D08FA34B
 |   |   |- Guid:EC85479A46E5B89491E5D785FD149220 BaseClass: NativeClass:/Script/Engine.StaticMeshActor Name:StaticMeshActor_UAID_50EBF6B6EB58840E02_1326303514 Label:Object_5 SpatiallyLoaded:1 Bounds:IsValid=true, Min=(X=-1356.952 Y=1723.048 Z=1484.815), Max=(X=-805.110 Y=2251.036 Z=1692.184) RuntimeGrid:None EditorOnly:0 RuntimeOnly:0 HLODRelevant:1
 |   |   |- Guid:F80621C9446867154938FE81375207DA BaseClass: NativeClass:/Script/Engine.DirectionalLight Name:DirectionalLight_1 Label:DirectionalLight SpatiallyLoaded:0 Bounds:IsValid=true, Min=(X=-4398046511104.000 Y=-4398046511104.000 Z=-4398046511104.000), Max=(X=4398046511104.000 Y=4398046511104.000 Z=4398046511104.000) RuntimeGrid:None EditorOnly:0 RuntimeOnly:0 HLODRelevant:0 FolderPath:Lighting FolderGuid:0BA5F0A04EADB18E70D5B180D08FA34B
 |   |   |- Guid:F8A1E109475A4068861D8C8B08F3B14C BaseClass: NativeClass:/Script/Engine.StaticMeshActor Name:StaticMeshActor_UAID_50EBF6B6EB58CD0E02_1523543360 Label:StaticMeshActor2 SpatiallyLoaded:1 Bounds:IsValid=true, Min=(X=-720.000 Y=2880.000 Z=1530.000), Max=(X=-720.000 Y=2880.000 Z=1530.000) RuntimeGrid:None EditorOnly:0 RuntimeOnly:0 HLODRelevant:0
 |   |   |- Guid:FB16CECC48DDF383AE862196CF1C9D04 BaseClass: NativeClass:/Script/Engine.StaticMeshActor Name:StaticMeshActor_UAID_50EBF6B6EB58CD0E02_1202918369 Label:Cube_Floor_0 SpatiallyLoaded:1 Bounds:IsValid=true, Min=(X=-1512.982 Y=2326.163 Z=1445.561), Max=(X=-372.620 Y=3466.525 Z=1445.561) RuntimeGrid:None EditorOnly:0 RuntimeOnly:0 HLODRelevant:1
 |   |- [+] Clusters:
 |   |   |- [+] [  0]
 |   |   |   |- Guid:61391D344900612A77DFC3BA3E354907 BaseClass: NativeClass:/Script/Engine.ExponentialHeightFog Name:ExponentialHeightFog_0 Label:ExponentialHeightFog SpatiallyLoaded:0 Bounds:IsValid=true, Min=(X=-5600.000 Y=-50.000 Z=-6850.000), Max=(X=-5600.000 Y=-50.000 Z=-6850.000) RuntimeGrid:None EditorOnly:0 RuntimeOnly:0 HLODRelevant:0 FolderPath:Lighting FolderGuid:0BA5F0A04EADB18E70D5B180D08FA34B
 |   |   |- [+] [  1]
 |   |   |   |- Guid:5FE7584649BB6F09265329A6C57CFD0D BaseClass: NativeClass:/Script/Engine.VolumetricCloud Name:VolumetricCloud_0 Label:VolumetricCloud SpatiallyLoaded:0 Bounds:IsValid=true, Min=(X=0.000 Y=-4460.000 Z=820.000), Max=(X=0.000 Y=-4460.000 Z=820.000) RuntimeGrid:None EditorOnly:0 RuntimeOnly:0 HLODRelevant:0 FolderPath:Lighting FolderGuid:0BA5F0A04EADB18E70D5B180D08FA34B
 |   |   |- [+] [  2]
 |   |   |   |- Guid:EC85479A46E5B89491E5D785FD149220 BaseClass: NativeClass:/Script/Engine.StaticMeshActor Name:StaticMeshActor_UAID_50EBF6B6EB58840E02_1326303514 Label:Object_5 SpatiallyLoaded:1 Bounds:IsValid=true, Min=(X=-1356.952 Y=1723.048 Z=1484.815), Max=(X=-805.110 Y=2251.036 Z=1692.184) RuntimeGrid:None EditorOnly:0 RuntimeOnly:0 HLODRelevant:1
 |   |   |- [+] [  3]
 |   |   |   |- Guid:B472AC8641ABA1EE17472EBDA9F70340 BaseClass: NativeClass:/Script/Engine.StaticMeshActor Name:StaticMeshActor_UAID_50EBF6B6EB58CD0E02_1202891367 Label:Cube_005_Screen_0 SpatiallyLoaded:1 Bounds:IsValid=true, Min=(X=-1231.862 Y=2533.426 Z=1556.445), Max=(X=-1200.194 Y=2577.573 Z=1579.249) RuntimeGrid:None EditorOnly:0 RuntimeOnly:0 HLODRelevant:1
 |   |   |- [+] [  4]
 |   |   |   |- Guid:F80621C9446867154938FE81375207DA BaseClass: NativeClass:/Script/Engine.DirectionalLight Name:DirectionalLight_1 Label:DirectionalLight SpatiallyLoaded:0 Bounds:IsValid=true, Min=(X=-4398046511104.000 Y=-4398046511104.000 Z=-4398046511104.000), Max=(X=4398046511104.000 Y=4398046511104.000 Z=4398046511104.000) RuntimeGrid:None EditorOnly:0 RuntimeOnly:0 HLODRelevant:0 FolderPath:Lighting FolderGuid:0BA5F0A04EADB18E70D5B180D08FA34B
 |   |   |- [+] [  5]
 |   |   |   |- Guid:75380C084C329A70AE4D6CAD300BE4B2 BaseClass: NativeClass:/Script/Engine.StaticMeshActor Name:StaticMeshActor_UAID_50EBF6B6EB58840E02_1326291513 Label:Object_4 SpatiallyLoaded:1 Bounds:IsValid=true, Min=(X=-1328.046 Y=1748.562 Z=1516.234), Max=(X=-843.252 Y=2257.458 Z=1726.981) RuntimeGrid:None EditorOnly:0 RuntimeOnly:0 HLODRelevant:1
 |   |   |- [+] [  6]
 |   |   |   |- Guid:D6954AC9453AE3050D6F75A08F983989 BaseClass: NativeClass:/Script/Engine.StaticMeshActor Name:StaticMeshActor_UAID_50EBF6B6EB58CD0E02_1202983374 Label:DoorFrame_Keypad_0 SpatiallyLoaded:1 Bounds:IsValid=true, Min=(X=-869.330 Y=2306.875 Z=1527.533), Max=(X=-854.629 Y=2309.563 Z=1548.804) RuntimeGrid:None EditorOnly:0 RuntimeOnly:0 HLODRelevant:1
 |   |   |- [+] [  7]
 |   |   |   |- Guid:8F08755C41B0A92E886DA3B93DD7561A BaseClass: NativeClass:/Script/Engine.StaticMeshActor Name:StaticMeshActor_UAID_50EBF6B6EB58CD0E02_1202798360 Label:Cube_001_Rough_0 SpatiallyLoaded:1 Bounds:IsValid=true, Min=(X=-1314.075 Y=2972.661 Z=1447.317), Max=(X=-1213.133 Y=3073.603 Z=1518.730) RuntimeGrid:None EditorOnly:0 RuntimeOnly:0 HLODRelevant:1
 |   |   |- [+] [  8]
 |   |   |   |- Guid:3994AEAD472DE498CA5F1FB47717D4CC BaseClass: NativeClass:/Script/Engine.StaticMeshActor Name:StaticMeshActor_UAID_50EBF6B6EB58CD0E02_1203009376 Label:DoorFrame_Smooth_Scracthes_0 SpatiallyLoaded:1 Bounds:IsValid=true, Min=(X=-1024.276 Y=2289.436 Z=1546.634), Max=(X=-860.042 Y=2303.893 Z=1582.330) RuntimeGrid:None EditorOnly:0 RuntimeOnly:0 HLODRelevant:1
 |   |   |- [+] [  9]
 |   |   |   |- Guid:E5320C1B4FD9764CE7B54D8487AEC613 BaseClass: NativeClass:/Script/Engine.SkyLight Name:SkyLight_0 Label:SkyLight SpatiallyLoaded:0 Bounds:IsValid=true, Min=(X=0.000 Y=-4460.000 Z=690.000), Max=(X=0.000 Y=-4460.000 Z=690.000) RuntimeGrid:None EditorOnly:0 RuntimeOnly:0 HLODRelevant:0 FolderPath:Lighting FolderGuid:0BA5F0A04EADB18E70D5B180D08FA34B
 |   |   |- [+] [ 10]
 |   |   |   |- Guid:E1BFC97446C68CCBE9CAF99594C94D06 BaseClass: NativeClass:/Script/Engine.StaticMeshActor Name:StaticMeshActor_UAID_50EBF6B6EB58CD0E02_1202839363 Label:Cube_004_Rough_0 SpatiallyLoaded:1 Bounds:IsValid=true, Min=(X=-771.073 Y=2808.590 Z=1446.999), Max=(X=-670.346 Y=2909.317 Z=1528.404) RuntimeGrid:None EditorOnly:0 RuntimeOnly:0 HLODRelevant:1
 |   |   |- [+] [ 11]
 |   |   |   |- Guid:A24720064E58676CA293909579555711 BaseClass: NativeClass:/Script/Engine.StaticMeshActor Name:StaticMeshActor_UAID_50EBF6B6EB58CD0E02_1202970373 Label:DoorFrame_Glow_0 SpatiallyLoaded:1 Bounds:IsValid=true, Min=(X=-1016.983 Y=2288.179 Z=1580.575), Max=(X=-868.619 Y=2303.930 Z=1616.027) RuntimeGrid:None EditorOnly:0 RuntimeOnly:0 HLODRelevant:1
 |   |   |- [+] [ 12]
 |   |   |   |- Guid:6610D80844187A60EC3D48ABAE6C40C1 BaseClass: NativeClass:/Script/Engine.StaticMeshActor Name:StaticMeshActor_UAID_50EBF6B6EB58CD0E02_1202866365 Label:Cube_005_LaptopBack_0 SpatiallyLoaded:1 Bounds:IsValid=true, Min=(X=-1229.603 Y=2533.205 Z=1552.448), Max=(X=-1199.695 Y=2579.517 Z=1573.271) RuntimeGrid:None EditorOnly:0 RuntimeOnly:0 HLODRelevant:1
 |   |   |- [+] [ 13]
 |   |   |   |- Guid:037D89D54B3968BE6A3A7EA533B32A21 BaseClass: NativeClass:/Script/Engine.StaticMeshActor Name:StaticMeshActor_UAID_50EBF6B6EB58CD0E02_1202904368 Label:Cube_007_Rough_0 SpatiallyLoaded:1 Bounds:IsValid=true, Min=(X=-1269.525 Y=2491.923 Z=1446.272), Max=(X=-1129.610 Y=2631.838 Z=1550.501) RuntimeGrid:None EditorOnly:0 RuntimeOnly:0 HLODRelevant:1
 |   |   |- [+] [ 14]
 |   |   |   |- Guid:5CE7DB0C43D641712EE7CBB35A8F9AB2 BaseClass: NativeClass:/Script/Engine.StaticMeshActor Name:StaticMeshActor_UAID_50EBF6B6EB58CD0E02_1202814361 Label:Cube_002_Rough_0 SpatiallyLoaded:1 Bounds:IsValid=true, Min=(X=-1444.354 Y=2301.331 Z=1468.127), Max=(X=-1064.802 Y=2360.974 Z=1538.777) RuntimeGrid:None EditorOnly:0 RuntimeOnly:0 HLODRelevant:1
 |   |   |- [+] [ 15]
 |   |   |   |- Guid:24CFE1D44C0D79BF8351F39233DD7D72 BaseClass: NativeClass:/Script/Engine.StaticMeshActor Name:StaticMeshActor_UAID_50EBF6B6EB58CD0E02_1202878366 Label:Cube_005_Rough_0 SpatiallyLoaded:1 Bounds:IsValid=true, Min=(X=-1235.942 Y=2529.244 Z=1547.206), Max=(X=-1171.354 Y=2597.008 Z=1582.142) RuntimeGrid:None EditorOnly:0 RuntimeOnly:0 HLODRelevant:1
 |   |   |- [+] [ 16]
 |   |   |   |- Guid:7F797AE04334BA74D394278EDD7FED30 BaseClass: NativeClass:/Script/Engine.StaticMeshActor Name:StaticMeshActor_UAID_50EBF6B6EB58CD0E02_1203021377 Label:Pipe_Smooth_Scracthes_0 SpatiallyLoaded:1 Bounds:IsValid=true, Min=(X=-599.053 Y=2288.141 Z=1446.236), Max=(X=-564.188 Y=2340.820 Z=1625.441) RuntimeGrid:None EditorOnly:0 RuntimeOnly:0 HLODRelevant:1
 |   |   |- [+] [ 17]
 |   |   |   |- Guid:9598A9D64F8627395390F9AA244760FD BaseClass: NativeClass:/Script/Engine.StaticMeshActor Name:StaticMeshActor_UAID_50EBF6B6EB58840E02_1326261511 Label:Object_2 SpatiallyLoaded:1 Bounds:IsValid=true, Min=(X=-1356.952 Y=1723.023 Z=1516.283), Max=(X=-804.003 Y=2257.262 Z=1727.286) RuntimeGrid:None EditorOnly:0 RuntimeOnly:0 HLODRelevant:1
 |   |   |- [+] [ 18]
 |   |   |   |- Guid:9A77CA8A4FC7C7F4A6801D8951CF36D9 BaseClass: NativeClass:/Script/Engine.StaticMeshActor Name:StaticMeshActor_UAID_50EBF6B6EB58CD0E02_1202958372 Label:Door_R_Smooth_Scracthes_0 SpatiallyLoaded:1 Bounds:IsValid=true, Min=(X=-894.026 Y=2273.054 Z=1459.659), Max=(X=-792.114 Y=2277.974 Z=1613.439) RuntimeGrid:None EditorOnly:0 RuntimeOnly:0 HLODRelevant:1
 |   |   |- [+] [ 19]
 |   |   |   |- Guid:5CEEA00B49349D8E76869FB184789030 BaseClass: NativeClass:/Script/Engine.PlayerStart Name:PlayerStart_UAID_50EBF6B6EB58840E02_1910676513 Label:PlayerStart2 SpatiallyLoaded:0 Bounds:IsValid=true, Min=(X=-1064.422 Y=1919.739 Z=2086.624), Max=(X=-984.422 Y=1999.739 Z=2270.624) RuntimeGrid:None EditorOnly:0 RuntimeOnly:0 HLODRelevant:0
 |   |   |- [+] [ 20]
 |   |   |   |- Guid:FB16CECC48DDF383AE862196CF1C9D04 BaseClass: NativeClass:/Script/Engine.StaticMeshActor Name:StaticMeshActor_UAID_50EBF6B6EB58CD0E02_1202918369 Label:Cube_Floor_0 SpatiallyLoaded:1 Bounds:IsValid=true, Min=(X=-1512.982 Y=2326.163 Z=1445.561), Max=(X=-372.620 Y=3466.525 Z=1445.561) RuntimeGrid:None EditorOnly:0 RuntimeOnly:0 HLODRelevant:1
 |   |   |- [+] [ 21]
 |   |   |   |- Guid:C203A09E435AEEA5DC3016930CC268D5 BaseClass: NativeClass:/Script/Engine.StaticMeshActor Name:StaticMeshActor_UAID_50EBF6B6EB58CD0E02_1202931370 Label:Cube_Rough_0 SpatiallyLoaded:1 Bounds:IsValid=true, Min=(X=-1551.895 Y=2287.250 Z=1445.561), Max=(X=-333.707 Y=3505.438 Z=1637.296) RuntimeGrid:None EditorOnly:0 RuntimeOnly:0 HLODRelevant:1
 |   |   |- [+] [ 22]
 |   |   |   |- Guid:26FD87034BA644D1EDB301B3808535EB BaseClass: NativeClass:/Script/Engine.StaticMeshActor Name:StaticMeshActor_UAID_50EBF6B6EB58CD0E02_1202827362 Label:Cube_003_Rough_0 SpatiallyLoaded:1 Bounds:IsValid=true, Min=(X=-1540.146 Y=2389.721 Z=1468.127), Max=(X=-1480.503 Y=2769.274 Z=1538.777) RuntimeGrid:None EditorOnly:0 RuntimeOnly:0 HLODRelevant:1
 |   |   |- [+] [ 23]
 |   |   |   |- Guid:636F83B54FB6F0F33049AE976DFE0469 BaseClass: NativeClass:/Script/Engine.StaticMeshActor Name:StaticMeshActor_UAID_50EBF6B6EB58CD0E02_1202997375 Label:DoorFrame_Rough_0 SpatiallyLoaded:1 Bounds:IsValid=true, Min=(X=-1040.178 Y=2254.920 Z=1454.672), Max=(X=-845.424 Y=2309.700 Z=1622.958) RuntimeGrid:None EditorOnly:0 RuntimeOnly:0 HLODRelevant:1
 |   |   |- [+] [ 24]
 |   |   |   |- Guid:10E782E446084C481F5624942291AC4A BaseClass: NativeClass:/Script/Engine.StaticMeshActor Name:StaticMeshActor_UAID_50EBF6B6EB58840E02_1326278512 Label:Object_3 SpatiallyLoaded:1 Bounds:IsValid=true, Min=(X=-1349.243 Y=1807.488 Z=1493.430), Max=(X=-829.882 Y=2225.890 Z=1696.784) RuntimeGrid:None EditorOnly:0 RuntimeOnly:0 HLODRelevant:1
 |   |   |- [+] [ 25]
 |   |   |   |- Guid:3811F90145E6A379C0B60FAB1949D28A BaseClass: NativeClass:/Script/Engine.StaticMeshActor Name:StaticMeshActor_UAID_50EBF6B6EB58CD0E02_1202944371 Label:Door_L_Smooth_Scracthes_0 SpatiallyLoaded:1 Bounds:IsValid=true, Min=(X=-1093.436 Y=2273.054 Z=1459.659), Max=(X=-990.921 Y=2277.974 Z=1613.439) RuntimeGrid:None EditorOnly:0 RuntimeOnly:0 HLODRelevant:1
 |   |   |- [+] [ 26]
 |   |   |   |- Guid:B5DFF7A94AD32E0BCFB5C8A73043D20B BaseClass: NativeClass:/Script/Engine.StaticMeshActor Name:StaticMeshActor_UAID_50EBF6B6EB58CD0E02_1522588359 Label:StaticMeshActor SpatiallyLoaded:1 Bounds:IsValid=true, Min=(X=-680.000 Y=2860.000 Z=1520.000), Max=(X=-680.000 Y=2860.000 Z=1520.000) RuntimeGrid:None EditorOnly:0 RuntimeOnly:0 HLODRelevant:0
 |   |   |- [+] [ 27]
 |   |   |   |- Guid:5FA734294BBF2CED9706CE919A6790F5 BaseClass: NativeClass:/Script/Engine.StaticMeshActor Name:StaticMeshActor_UAID_50EBF6B6EB58CD0E02_1202853364 Label:Cube_005_keys_0 SpatiallyLoaded:1 Bounds:IsValid=true, Min=(X=-1221.706 Y=2539.743 Z=1554.086), Max=(X=-1182.208 Y=2588.826 Z=1554.086) RuntimeGrid:None EditorOnly:0 RuntimeOnly:0 HLODRelevant:1
 |   |   |- [+] [ 28]
 |   |   |   |- Guid:C22CE07C4B87D685137FDBBC10FC92C6 BaseClass: NativeClass:/Script/Engine.SkyAtmosphere Name:SkyAtmosphere_0 Label:SkyAtmosphere SpatiallyLoaded:0 Bounds:IsValid=true, Min=(X=0.000 Y=-5090.000 Z=1020.000), Max=(X=0.000 Y=-5090.000 Z=1020.000) RuntimeGrid:None EditorOnly:0 RuntimeOnly:0 HLODRelevant:0 FolderPath:Lighting FolderGuid:0BA5F0A04EADB18E70D5B180D08FA34B
 |   |   |- [+] [ 29]
 |   |   |   |- Guid:6FEFB3BD4EB37B849EF0D4AC80F83855 BaseClass: NativeClass:/Script/Engine.WorldDataLayers Name:WorldDataLayers Label:WorldDataLayers SpatiallyLoaded:0 Bounds:IsValid=true, Min=(X=0.000 Y=0.000 Z=0.000), Max=(X=0.000 Y=0.000 Z=0.000) RuntimeGrid:None EditorOnly:0 RuntimeOnly:0 HLODRelevant:0
 |   |   |- [+] [ 30]
 |   |   |   |- Guid:1F70A1B24422EC93844F249B8CF1D46C BaseClass: NativeClass:/Script/Engine.TriggerVolume Name:TriggerVolume_UAID_50EBF6B6EB58840E02_1844936512 Label:TriggerVolume SpatiallyLoaded:1 Bounds:IsValid=true, Min=(X=-1260.000 Y=1690.000 Z=1620.000), Max=(X=-1160.000 Y=1790.000 Z=1720.000) RuntimeGrid:None EditorOnly:0 RuntimeOnly:0 HLODRelevant:0
 |   |   |- [+] [ 31]
 |   |   |   |- Guid:CE8D82634660FCDB3120E2B8D547C533 BaseClass: NativeClass:/Script/Engine.PostProcessVolume Name:PostProcessVolume_0 Label:PostProcessVolume SpatiallyLoaded:0 Bounds:IsValid=true, Min=(X=0.000 Y=-4460.000 Z=400.000), Max=(X=200.000 Y=-4260.000 Z=600.000) RuntimeGrid:None EditorOnly:0 RuntimeOnly:0 HLODRelevant:0 FolderPath:Lighting FolderGuid:0BA5F0A04EADB18E70D5B180D08FA34B
 |   |   |- [+] [ 32]
 |   |   |   |- Guid:F8A1E109475A4068861D8C8B08F3B14C BaseClass: NativeClass:/Script/Engine.StaticMeshActor Name:StaticMeshActor_UAID_50EBF6B6EB58CD0E02_1523543360 Label:StaticMeshActor2 SpatiallyLoaded:1 Bounds:IsValid=true, Min=(X=-720.000 Y=2880.000 Z=1530.000), Max=(X=-720.000 Y=2880.000 Z=1530.000) RuntimeGrid:None EditorOnly:0 RuntimeOnly:0 HLODRelevant:0
 |- ContainerInstances:
 |- [+] MainContainer:
 |   |-        ID: 0x0000000000000000
 |   |-    Bounds: IsValid=false, Min=(X=0.000 Y=0.000 Z=0.000), Max=(X=0.000 Y=0.000 Z=0.000)
 |   |- Transform: 0.000000,0.000000,0.000000|0.000000,0.000000,-0.000000|1.000000,1.000000,1.000000
 |   |- Container: /Game/FirstPerson/Maps/FirstPersonMap
----------------------------------------------------------------------------------------------------------------
FirstPersonMap - Persistent Level
----------------------------------------------------------------------------------------------------------------
Always loaded Actor Count: 47 

----------------------------------------------------------------------------------------------------------------
FirstPersonMap - Runtime Spatial Hash - Streaming Grid - MainGrid
----------------------------------------------------------------------------------------------------------------
            Origin: X=0.000 Y=0.000 Z=0.000
         Cell Size: 12800
      World Bounds: IsValid=false, Min=(X=0.000 Y=0.000 Z=0.000), Max=(X=0.000 Y=0.000 Z=0.000)
     Loading Range: 25600.00
Block Slow Loading: No
 ClientOnlyVisible: No

[+] Grid Levels: 1
 |- Level  0: Cell Count    0 | Cell Size   12800 | Actor Count    0 (0.0%)

[+] Content of Grid Level 0

