[+] Containers:
 |- [+] Container: /Game/FirstPerson/Maps/FirstPersonMap
 |   |- [+] ActorDescs:
 |   |   |- Guid:04876FB54568A4D5C545FFBAA31FEA8B BaseClass: NativeClass:/Script/Engine.StaticMeshActor Name:StaticMeshActor_UAID_50EBF6B6EB58D10E02_1642024078 Label:Object_19 SpatiallyLoaded:1 Bounds:IsValid=true, Min=(X=-3398.939 Y=2569.890 Z=1890.251), Max=(X=-2601.061 Y=2968.231 Z=1899.790) RuntimeGrid:None EditorOnly:0 RuntimeOnly:0 HLODRelevant:1
 |   |   |- Guid:06F34E1A4D5F89F6A46BEA918F02CA7D BaseClass: NativeClass:/Script/Engine.StaticMeshActor Name:StaticMeshActor_UAID_50EBF6B6EB58D10E02_1642563111 Label:Object_74 SpatiallyLoaded:1 Bounds:IsValid=true, Min=(X=-2666.641 Y=2312.920 Z=1942.681), Max=(X=-2621.293 Y=2367.855 Z=2003.296) RuntimeGrid:None EditorOnly:0 RuntimeOnly:0 HLODRelevant:1
 |   |   |- Guid:07BEEDEA4BCC1311D38F7DA1C72BA9DD BaseClass: NativeClass:/Script/Engine.StaticMeshActor Name:StaticMeshActor_UAID_50EBF6B6EB58D10E02_1642251092 Label:Object_42 SpatiallyLoaded:1 Bounds:IsValid=true, Min=(X=-3296.416 Y=2258.343 Z=1945.953), Max=(X=-3233.445 Y=2322.139 Z=2009.441) RuntimeGrid:None EditorOnly:0 RuntimeOnly:0 HLODRelevant:1
 |   |   |- Guid:10E782E446084C481F5624942291AC4A BaseClass: NativeClass:/Script/Engine.StaticMeshActor Name:StaticMeshActor_UAID_50EBF6B6EB58840E02_1326278512 Label:Object_3 SpatiallyLoaded:1 Bounds:IsValid=true, Min=(X=-1349.243 Y=1807.488 Z=1493.430), Max=(X=-829.882 Y=2225.890 Z=1696.784) RuntimeGrid:None EditorOnly:0 RuntimeOnly:0 HLODRelevant:1
 |   |   |- Guid:10F72D30413DF3F161916B9DA6B863DF BaseClass: NativeClass:/Script/Engine.StaticMeshActor Name:StaticMeshActor_UAID_50EBF6B6EB58D10E02_1642055080 Label:Object_23 SpatiallyLoaded:1 Bounds:IsValid=true, Min=(X=-3400.698 Y=2333.826 Z=1916.292), Max=(X=-2599.302 Y=2350.261 Z=2285.830) RuntimeGrid:None EditorOnly:0 RuntimeOnly:0 HLODRelevant:1
 |   |   |- Guid:1F1B14C94DD33D243AD06A86A3D73EB3 BaseClass: NativeClass:/Script/Engine.StaticMeshActor Name:StaticMeshActor_UAID_50EBF6B6EB58D10E02_1641980075 Label:Object_13 SpatiallyLoaded:1 Bounds:IsValid=true, Min=(X=-3392.492 Y=2195.482 Z=1940.194), Max=(X=-2607.508 Y=2352.560 Z=1947.527) RuntimeGrid:None EditorOnly:0 RuntimeOnly:0 HLODRelevant:1
 |   |   |- Guid:1F4AF8B84B0ACBB4A214C7A69B777A94 BaseClass: NativeClass:/Script/Engine.StaticMeshActor Name:StaticMeshActor_UAID_50EBF6B6EB58D10E02_1642532109 Label:Object_70 SpatiallyLoaded:1 Bounds:IsValid=true, Min=(X=-2710.176 Y=2286.025 Z=1942.681), Max=(X=-2663.765 Y=2342.618 Z=2003.296) RuntimeGrid:None EditorOnly:0 RuntimeOnly:0 HLODRelevant:1
 |   |   |- Guid:1F70A1B24422EC93844F249B8CF1D46C BaseClass: NativeClass:/Script/Engine.TriggerVolume Name:TriggerVolume_UAID_50EBF6B6EB58840E02_1844936512 Label:TriggerVolume SpatiallyLoaded:1 Bounds:IsValid=true, Min=(X=-1260.000 Y=1690.000 Z=1620.000), Max=(X=-1160.000 Y=1790.000 Z=1720.000) RuntimeGrid:None EditorOnly:0 RuntimeOnly:0 HLODRelevant:0
 |   |   |- Guid:26CEED3F449B4FECC8307B9A678C5B10 BaseClass: NativeClass:/Script/Engine.StaticMeshActor Name:StaticMeshActor_UAID_50EBF6B6EB58D10E02_1642487106 Label:Object_65 SpatiallyLoaded:1 Bounds:IsValid=true, Min=(X=-2752.923 Y=2259.771 Z=1942.681), Max=(X=-2706.512 Y=2316.364 Z=2003.296) RuntimeGrid:None EditorOnly:0 RuntimeOnly:0 HLODRelevant:1
 |   |   |- Guid:2D2784A245894D5E54B728BE5FBCBC8B BaseClass: NativeClass:/Script/Engine.StaticMeshActor Name:StaticMeshActor_UAID_50EBF6B6EB58D10E02_1641945073 Label:Object_10 SpatiallyLoaded:1 Bounds:IsValid=true, Min=(X=-3064.413 Y=2196.332 Z=1922.427), Max=(X=-2935.587 Y=2204.056 Z=2062.427) RuntimeGrid:None EditorOnly:0 RuntimeOnly:0 HLODRelevant:1
 |   |   |- Guid:2D48D9384C9469B7AC7EA0958CDD770E BaseClass: NativeClass:/Script/Engine.StaticMeshActor Name:StaticMeshActor_UAID_50EBF6B6EB58D10E02_1641927072 Label:Object_9 SpatiallyLoaded:1 Bounds:IsValid=true, Min=(X=-3092.804 Y=2190.184 Z=1899.622), Max=(X=-2907.196 Y=2207.619 Z=2085.231) RuntimeGrid:None EditorOnly:0 RuntimeOnly:0 HLODRelevant:1
 |   |   |- Guid:3994AEAD472DE498CA5F1FB47717D4CC BaseClass: NativeClass:/Script/Engine.StaticMeshActor Name:StaticMeshActor_UAID_50EBF6B6EB58CD0E02_1203009376 Label:DoorFrame_Smooth_Scracthes_0 SpatiallyLoaded:1 Bounds:IsValid=true, Min=(X=-1836.413 Y=2299.154 Z=1644.951), Max=(X=-1590.063 Y=2320.839 Z=1698.495) RuntimeGrid:None EditorOnly:0 RuntimeOnly:0 HLODRelevant:1
 |   |   |- Guid:3B87F7EF471651499961879F2067632C BaseClass: NativeClass:/Script/Engine.StaticMeshActor Name:StaticMeshActor_UAID_50EBF6B6EB58D10E02_1642502107 Label:Object_67 SpatiallyLoaded:1 Bounds:IsValid=true, Min=(X=-2766.656 Y=2257.610 Z=1945.953), Max=(X=-2703.869 Y=2321.261 Z=2009.441) RuntimeGrid:None EditorOnly:0 RuntimeOnly:0 HLODRelevant:1
 |   |   |- Guid:502539B744E94E67BA719F91D2211D7D BaseClass: NativeClass:/Script/Engine.StaticMeshActor Name:StaticMeshActor_UAID_50EBF6B6EB58D10E02_1642134085 Label:Object_30 SpatiallyLoaded:1 Bounds:IsValid=true, Min=(X=-3378.361 Y=2312.179 Z=1942.681), Max=(X=-3331.534 Y=2368.640 Z=2003.296) RuntimeGrid:None EditorOnly:0 RuntimeOnly:0 HLODRelevant:1
 |   |   |- Guid:53A72C1A41F7A51EC06B57BF956147F4 BaseClass: NativeClass:/Script/Engine.StaticMeshActor Name:StaticMeshActor_UAID_50EBF6B6EB58D10E02_1642331097 Label:Object_50 SpatiallyLoaded:1 Bounds:IsValid=true, Min=(X=-3207.848 Y=2208.447 Z=1942.681), Max=(X=-3161.022 Y=2264.908 Z=2003.296) RuntimeGrid:None EditorOnly:0 RuntimeOnly:0 HLODRelevant:1
 |   |   |- Guid:5CEEA00B49349D8E76869FB184789030 BaseClass: NativeClass:/Script/Engine.PlayerStart Name:PlayerStart_UAID_50EBF6B6EB58840E02_1910676513 Label:PlayerStart2 SpatiallyLoaded:0 Bounds:IsValid=true, Min=(X=-1324.422 Y=2429.739 Z=1486.624), Max=(X=-1244.422 Y=2509.739 Z=1670.624) RuntimeGrid:None EditorOnly:0 RuntimeOnly:0 HLODRelevant:0
 |   |   |- Guid:5FE7584649BB6F09265329A6C57CFD0D BaseClass: NativeClass:/Script/Engine.VolumetricCloud Name:VolumetricCloud_0 Label:VolumetricCloud SpatiallyLoaded:0 Bounds:IsValid=true, Min=(X=0.000 Y=-4460.000 Z=820.000), Max=(X=0.000 Y=-4460.000 Z=820.000) RuntimeGrid:None EditorOnly:0 RuntimeOnly:0 HLODRelevant:0 FolderPath:Lighting FolderGuid:0BA5F0A04EADB18E70D5B180D08FA34B
 |   |   |- Guid:5FFB4CD6479D4FFFC2835984FEE204EB BaseClass: NativeClass:/Script/Engine.StaticMeshActor Name:StaticMeshActor_UAID_50EBF6B6EB58D10E02_1642221090 Label:Object_39 SpatiallyLoaded:1 Bounds:IsValid=true, Min=(X=-3293.777 Y=2260.626 Z=1942.681), Max=(X=-3249.036 Y=2316.084 Z=2003.296) RuntimeGrid:None EditorOnly:0 RuntimeOnly:0 HLODRelevant:1
 |   |   |- Guid:601F155445989E4D617F5CB520DA0B0A BaseClass: NativeClass:/Script/Engine.StaticMeshActor Name:StaticMeshActor_UAID_50EBF6B6EB58D10E02_1642676118 Label:Object_87 SpatiallyLoaded:1 Bounds:IsValid=true, Min=(X=-3282.020 Y=2833.963 Z=1889.346), Max=(X=-3165.030 Y=2950.953 Z=1982.582) RuntimeGrid:None EditorOnly:0 RuntimeOnly:0 HLODRelevant:1
 |   |   |- Guid:61391D344900612A77DFC3BA3E354907 BaseClass: NativeClass:/Script/Engine.ExponentialHeightFog Name:ExponentialHeightFog_0 Label:ExponentialHeightFog SpatiallyLoaded:0 Bounds:IsValid=true, Min=(X=-5600.000 Y=-50.000 Z=-6850.000), Max=(X=-5600.000 Y=-50.000 Z=-6850.000) RuntimeGrid:None EditorOnly:0 RuntimeOnly:0 HLODRelevant:0 FolderPath:Lighting FolderGuid:0BA5F0A04EADB18E70D5B180D08FA34B
 |   |   |- Guid:62C35DDB448F88B00AC341B6D982EF6A BaseClass: NativeClass:/Script/Engine.StaticMeshActor Name:StaticMeshActor_UAID_50EBF6B6EB58D10E02_1642613114 Label:Object_79 SpatiallyLoaded:1 Bounds:IsValid=true, Min=(X=-3260.566 Y=2404.554 Z=1922.786), Max=(X=-3168.577 Y=2496.543 Z=1987.945) RuntimeGrid:None EditorOnly:0 RuntimeOnly:0 HLODRelevant:1
 |   |   |- Guid:636F83B54FB6F0F33049AE976DFE0469 BaseClass: NativeClass:/Script/Engine.StaticMeshActor Name:StaticMeshActor_UAID_50EBF6B6EB58CD0E02_1202997375 Label:DoorFrame_Rough_0 SpatiallyLoaded:1 Bounds:IsValid=true, Min=(X=-1860.267 Y=2247.380 Z=1507.008), Max=(X=-1568.136 Y=2329.550 Z=1759.437) RuntimeGrid:None EditorOnly:0 RuntimeOnly:0 HLODRelevant:1
 |   |   |- Guid:6672142E470797ABCE9ECFB690FA1B27 BaseClass: NativeClass:/Script/Engine.StaticMeshActor Name:StaticMeshActor_UAID_50EBF6B6EB58D10E02_1641995076 Label:Object_15 SpatiallyLoaded:1 Bounds:IsValid=true, Min=(X=-3402.085 Y=2200.500 Z=1919.850), Max=(X=-2597.915 Y=2369.254 Z=1928.129) RuntimeGrid:None EditorOnly:0 RuntimeOnly:0 HLODRelevant:1
 |   |   |- Guid:6B0A2F9D408226A2C1A7B98E2E966E7F BaseClass: NativeClass:/Script/Engine.StaticMeshActor Name:StaticMeshActor_UAID_50EBF6B6EB58D10E02_1642149086 Label:Object_32 SpatiallyLoaded:1 Bounds:IsValid=true, Min=(X=-3381.005 Y=2309.986 Z=1945.953), Max=(X=-3318.033 Y=2373.782 Z=2009.441) RuntimeGrid:None EditorOnly:0 RuntimeOnly:0 HLODRelevant:1
 |   |   |- Guid:6D5A4F2E4321F9A6F4A0DD997CD491D1 BaseClass: NativeClass:/Script/Engine.StaticMeshActor Name:StaticMeshActor_UAID_50EBF6B6EB58D10E02_1642268093 Label:Object_44 SpatiallyLoaded:1 Bounds:IsValid=true, Min=(X=-3251.037 Y=2234.359 Z=1942.681), Max=(X=-3206.297 Y=2289.817 Z=2003.296) RuntimeGrid:None EditorOnly:0 RuntimeOnly:0 HLODRelevant:1
 |   |   |- Guid:6D8A2C744C72124940A1C8BEFC5D20F9 BaseClass: NativeClass:/Script/Engine.StaticMeshActor Name:StaticMeshActor_UAID_50EBF6B6EB58D10E02_1642659117 Label:Object_85 SpatiallyLoaded:1 Bounds:IsValid=true, Min=(X=-3010.581 Y=2175.136 Z=2085.646), Max=(X=-2989.419 Y=2199.839 Z=2110.784) RuntimeGrid:None EditorOnly:0 RuntimeOnly:0 HLODRelevant:1
 |   |   |- Guid:6FEFB3BD4EB37B849EF0D4AC80F83855 BaseClass: NativeClass:/Script/Engine.WorldDataLayers Name:WorldDataLayers Label:WorldDataLayers SpatiallyLoaded:0 Bounds:IsValid=true, Min=(X=0.000 Y=0.000 Z=0.000), Max=(X=0.000 Y=0.000 Z=0.000) RuntimeGrid:None EditorOnly:0 RuntimeOnly:0 HLODRelevant:0
 |   |   |- Guid:71434429421D23DC3E1BEA80CC8C057D BaseClass: NativeClass:/Script/Engine.StaticMeshActor Name:StaticMeshActor_UAID_50EBF6B6EB58D10E02_1642236091 Label:Object_40 SpatiallyLoaded:1 Bounds:IsValid=true, Min=(X=-3293.772 Y=2260.535 Z=1942.681), Max=(X=-3246.946 Y=2316.997 Z=2003.296) RuntimeGrid:None EditorOnly:0 RuntimeOnly:0 HLODRelevant:1
 |   |   |- Guid:75380C084C329A70AE4D6CAD300BE4B2 BaseClass: NativeClass:/Script/Engine.StaticMeshActor Name:StaticMeshActor_UAID_50EBF6B6EB58840E02_1326291513 Label:Object_4 SpatiallyLoaded:1 Bounds:IsValid=true, Min=(X=-1328.046 Y=1748.562 Z=1516.234), Max=(X=-843.252 Y=2257.458 Z=1726.981) RuntimeGrid:None EditorOnly:0 RuntimeOnly:0 HLODRelevant:1
 |   |   |- Guid:7A7CEEAA47D0F1A253E4D98EFE50783A BaseClass: NativeClass:/Script/Engine.StaticMeshActor Name:StaticMeshActor_UAID_50EBF6B6EB58D10E02_1642628115 Label:Object_81 SpatiallyLoaded:1 Bounds:IsValid=true, Min=(X=-2738.547 Y=2736.216 Z=1889.346), Max=(X=-2621.557 Y=2853.206 Z=1982.582) RuntimeGrid:None EditorOnly:0 RuntimeOnly:0 HLODRelevant:1
 |   |   |- Guid:7B1DBBCC41E72258E9C317AD37F424A3 BaseClass: NativeClass:/Script/Engine.StaticMeshActor Name:StaticMeshActor_UAID_50EBF6B6EB58D10E02_1642438103 Label:Object_60 SpatiallyLoaded:1 Bounds:IsValid=true, Min=(X=-2795.072 Y=2233.713 Z=1942.681), Max=(X=-2748.661 Y=2290.306 Z=2003.296) RuntimeGrid:None EditorOnly:0 RuntimeOnly:0 HLODRelevant:1
 |   |   |- Guid:7B470F9A487490CEA8F056967470019B BaseClass: NativeClass:/Script/Engine.StaticMeshActor Name:StaticMeshActor_UAID_50EBF6B6EB58D10E02_1642071081 Label:Object_25 SpatiallyLoaded:1 Bounds:IsValid=true, Min=(X=-3241.375 Y=2419.524 Z=1988.759), Max=(X=-3195.573 Y=2470.367 Z=2027.286) RuntimeGrid:None EditorOnly:0 RuntimeOnly:0 HLODRelevant:1
 |   |   |- Guid:7BE8AE2B45654DC1721333B3CC7F7D56 BaseClass: NativeClass:/Script/Engine.StaticMeshActor Name:StaticMeshActor_UAID_50EBF6B6EB58D10E02_1642384100 Label:Object_55 SpatiallyLoaded:1 Bounds:IsValid=true, Min=(X=-2837.221 Y=2207.655 Z=1942.681), Max=(X=-2790.810 Y=2264.248 Z=2003.296) RuntimeGrid:None EditorOnly:0 RuntimeOnly:0 HLODRelevant:1
 |   |   |- Guid:7CA71C944B2642D8682EA78564DCB19D BaseClass: NativeClass:/Script/Engine.StaticMeshActor Name:StaticMeshActor_UAID_50EBF6B6EB58D10E02_1642367099 Label:Object_54 SpatiallyLoaded:1 Bounds:IsValid=true, Min=(X=-2836.237 Y=2207.697 Z=1942.681), Max=(X=-2790.889 Y=2262.632 Z=2003.296) RuntimeGrid:None EditorOnly:0 RuntimeOnly:0 HLODRelevant:1
 |   |   |- Guid:7EA69431494D4E84BA2A78821B3BCCC9 BaseClass: NativeClass:/Script/Engine.StaticMeshActor Name:StaticMeshActor_UAID_50EBF6B6EB58D10E02_1642315096 Label:Object_49 SpatiallyLoaded:1 Bounds:IsValid=true, Min=(X=-3207.853 Y=2208.537 Z=1942.681), Max=(X=-3163.112 Y=2263.996 Z=2003.296) RuntimeGrid:None EditorOnly:0 RuntimeOnly:0 HLODRelevant:1
 |   |   |- Guid:7EE43A5F42166EA7BDA27F80F5FF5977 BaseClass: NativeClass:/Script/Engine.StaticMeshActor Name:StaticMeshActor_UAID_50EBF6B6EB58D10E02_1642644116 Label:Object_83 SpatiallyLoaded:1 Bounds:IsValid=true, Min=(X=-3295.331 Y=2668.418 Z=1891.470), Max=(X=-3161.378 Y=2802.370 Z=1987.314) RuntimeGrid:None EditorOnly:0 RuntimeOnly:0 HLODRelevant:1
 |   |   |- Guid:8CA1EC4349F7643033B9C8A70DD8AA12 BaseClass: NativeClass:/Script/Engine.StaticMeshActor Name:StaticMeshActor_UAID_50EBF6B6EB58D10E02_1642598113 Label:Object_77 SpatiallyLoaded:1 Bounds:IsValid=true, Min=(X=-2681.358 Y=2310.717 Z=1945.953), Max=(X=-2618.571 Y=2374.368 Z=2009.441) RuntimeGrid:None EditorOnly:0 RuntimeOnly:0 HLODRelevant:1
 |   |   |- Guid:93DA7D7B4DA11E5AA1C1899BA18930FA BaseClass: NativeClass:/Script/Engine.StaticMeshActor Name:StaticMeshActor_UAID_50EBF6B6EB58D10E02_1642470105 Label:Object_64 SpatiallyLoaded:1 Bounds:IsValid=true, Min=(X=-2751.940 Y=2259.814 Z=1942.681), Max=(X=-2706.591 Y=2314.748 Z=2003.296) RuntimeGrid:None EditorOnly:0 RuntimeOnly:0 HLODRelevant:1
 |   |   |- Guid:944DE796471C74FCD83A048E6AF04C22 BaseClass: NativeClass:/Script/Engine.StaticMeshActor Name:StaticMeshActor_UAID_50EBF6B6EB58D10E02_1642039079 Label:Object_21 SpatiallyLoaded:1 Bounds:IsValid=true, Min=(X=-3163.909 Y=2188.320 Z=1900.480), Max=(X=-2836.091 Y=2200.959 Z=2286.848) RuntimeGrid:None EditorOnly:0 RuntimeOnly:0 HLODRelevant:1
 |   |   |- Guid:9598A9D64F8627395390F9AA244760FD BaseClass: NativeClass:/Script/Engine.StaticMeshActor Name:StaticMeshActor_UAID_50EBF6B6EB58840E02_1326261511 Label:Object_2 SpatiallyLoaded:1 Bounds:IsValid=true, Min=(X=-1356.952 Y=1723.023 Z=1516.283), Max=(X=-804.003 Y=2257.262 Z=1727.286) RuntimeGrid:None EditorOnly:0 RuntimeOnly:0 HLODRelevant:1
 |   |   |- Guid:993763D847DF6F7ED3C494885786E70E BaseClass: NativeClass:/Script/Engine.StaticMeshActor Name:StaticMeshActor_UAID_50EBF6B6EB58D10E02_1642453104 Label:Object_62 SpatiallyLoaded:1 Bounds:IsValid=true, Min=(X=-2808.805 Y=2231.552 Z=1945.953), Max=(X=-2746.018 Y=2295.203 Z=2009.441) RuntimeGrid:None EditorOnly:0 RuntimeOnly:0 HLODRelevant:1
 |   |   |- Guid:999FD9F8495BB9A4A75FB9B04B37BE4E BaseClass: NativeClass:/Script/Engine.StaticMeshActor Name:StaticMeshActor_UAID_50EBF6B6EB58D10E02_1642548110 Label:Object_72 SpatiallyLoaded:1 Bounds:IsValid=true, Min=(X=-2723.909 Y=2283.864 Z=1945.953), Max=(X=-2661.122 Y=2347.516 Z=2009.441) RuntimeGrid:None EditorOnly:0 RuntimeOnly:0 HLODRelevant:1
 |   |   |- Guid:99A07B0041846A7D3A911D875E27A544 BaseClass: NativeClass:/Script/Engine.StaticMeshActor Name:StaticMeshActor_UAID_50EBF6B6EB58D10E02_1641911071 Label:Object_8 SpatiallyLoaded:1 Bounds:IsValid=true, Min=(X=-3081.358 Y=2205.101 Z=1919.967), Max=(X=-2918.642 Y=2549.950 Z=1925.044) RuntimeGrid:None EditorOnly:0 RuntimeOnly:0 HLODRelevant:1
 |   |   |- Guid:9D31A6D34CA16DAB22C0F5BBEBC1A38C BaseClass: NativeClass:/Script/Engine.StaticMeshActor Name:StaticMeshActor_UAID_50EBF6B6EB58CD0E02_1690247362 Label:Object_6 SpatiallyLoaded:1 Bounds:IsValid=true, Min=(X=-936.952 Y=1368.372 Z=1516.283), Max=(X=-384.003 Y=2258.770 Z=1727.286) RuntimeGrid:None EditorOnly:0 RuntimeOnly:0 HLODRelevant:1
 |   |   |- Guid:A24720064E58676CA293909579555711 BaseClass: NativeClass:/Script/Engine.StaticMeshActor Name:StaticMeshActor_UAID_50EBF6B6EB58CD0E02_1202970373 Label:DoorFrame_Glow_0 SpatiallyLoaded:1 Bounds:IsValid=true, Min=(X=-1185.475 Y=2297.268 Z=1695.862), Max=(X=-962.928 Y=2320.895 Z=1749.041) RuntimeGrid:None EditorOnly:0 RuntimeOnly:0 HLODRelevant:1
 |   |   |- Guid:A8242FBE4309520C53D6B0AD7A0A18DF BaseClass: NativeClass:/Script/Engine.StaticMeshActor Name:StaticMeshActor_UAID_50EBF6B6EB58D10E02_1642517108 Label:Object_69 SpatiallyLoaded:1 Bounds:IsValid=true, Min=(X=-2709.192 Y=2286.068 Z=1942.681), Max=(X=-2663.844 Y=2341.002 Z=2003.296) RuntimeGrid:None EditorOnly:0 RuntimeOnly:0 HLODRelevant:1
 |   |   |- Guid:AD93B186493F2ACB54B8C2934A604200 BaseClass: NativeClass:/Script/Engine.StaticMeshActor Name:StaticMeshActor_UAID_50EBF6B6EB58D10E02_1642298095 Label:Object_47 SpatiallyLoaded:1 Bounds:IsValid=true, Min=(X=-3253.677 Y=2232.076 Z=1945.953), Max=(X=-3190.705 Y=2295.872 Z=2009.441) RuntimeGrid:None EditorOnly:0 RuntimeOnly:0 HLODRelevant:1
 |   |   |- Guid:B13A1E754D6B873550DAEB89B36CD538 BaseClass: NativeClass:/Script/Engine.StaticMeshActor Name:StaticMeshActor_UAID_50EBF6B6EB58D10E02_1642581112 Label:Object_75 SpatiallyLoaded:1 Bounds:IsValid=true, Min=(X=-2667.625 Y=2312.878 Z=1942.681), Max=(X=-2621.214 Y=2369.471 Z=2003.296) RuntimeGrid:None EditorOnly:0 RuntimeOnly:0 HLODRelevant:1
 |   |   |- Guid:B5A9A65E4A37CF47D87C7DA9501806F5 BaseClass: NativeClass:/Script/Engine.StaticMeshActor Name:StaticMeshActor_UAID_50EBF6B6EB58D10E02_1642087082 Label:Object_26 SpatiallyLoaded:1 Bounds:IsValid=true, Min=(X=-3243.969 Y=2419.034 Z=1988.436), Max=(X=-3188.480 Y=2477.464 Z=2029.492) RuntimeGrid:None EditorOnly:0 RuntimeOnly:0 HLODRelevant:1
 |   |   |- Guid:B5DFF7A94AD32E0BCFB5C8A73043D20B BaseClass: NativeClass:/Script/Engine.StaticMeshActor Name:StaticMeshActor_UAID_50EBF6B6EB58CD0E02_1522588359 Label:StaticMeshActor SpatiallyLoaded:1 Bounds:IsValid=true, Min=(X=-680.000 Y=2860.000 Z=1520.000), Max=(X=-680.000 Y=2860.000 Z=1520.000) RuntimeGrid:None EditorOnly:0 RuntimeOnly:0 HLODRelevant:0
 |   |   |- Guid:B993CE6E461F6ADABBACDA8723ADD69F BaseClass: NativeClass:/Script/Engine.StaticMeshActor Name:StaticMeshActor_UAID_50EBF6B6EB58D10E02_1642420102 Label:Object_59 SpatiallyLoaded:1 Bounds:IsValid=true, Min=(X=-2794.088 Y=2233.755 Z=1942.681), Max=(X=-2748.740 Y=2288.690 Z=2003.296) RuntimeGrid:None EditorOnly:0 RuntimeOnly:0 HLODRelevant:1
 |   |   |- Guid:B9A8E1F144C620A3F0D9B486E55B2621 BaseClass: NativeClass:/Script/Engine.StaticMeshActor Name:StaticMeshActor_UAID_50EBF6B6EB58D10E02_1642104083 Label:Object_27 SpatiallyLoaded:1 Bounds:IsValid=true, Min=(X=-3241.375 Y=2422.649 Z=1996.834), Max=(X=-3226.124 Y=2462.978 Z=2026.782) RuntimeGrid:None EditorOnly:0 RuntimeOnly:0 HLODRelevant:1
 |   |   |- Guid:C22CE07C4B87D685137FDBBC10FC92C6 BaseClass: NativeClass:/Script/Engine.SkyAtmosphere Name:SkyAtmosphere_0 Label:SkyAtmosphere SpatiallyLoaded:0 Bounds:IsValid=true, Min=(X=0.000 Y=-5090.000 Z=1020.000), Max=(X=0.000 Y=-5090.000 Z=1020.000) RuntimeGrid:None EditorOnly:0 RuntimeOnly:0 HLODRelevant:0 FolderPath:Lighting FolderGuid:0BA5F0A04EADB18E70D5B180D08FA34B
 |   |   |- Guid:C66E5973464D024051010987B91B787E BaseClass: NativeClass:/Script/Engine.StaticMeshActor Name:StaticMeshActor_UAID_50EBF6B6EB58D10E02_1642167087 Label:Object_34 SpatiallyLoaded:1 Bounds:IsValid=true, Min=(X=-3336.071 Y=2286.448 Z=1942.681), Max=(X=-3291.330 Y=2341.906 Z=2003.296) RuntimeGrid:None EditorOnly:0 RuntimeOnly:0 HLODRelevant:1
 |   |   |- Guid:CE8D82634660FCDB3120E2B8D547C533 BaseClass: NativeClass:/Script/Engine.PostProcessVolume Name:PostProcessVolume_0 Label:PostProcessVolume SpatiallyLoaded:0 Bounds:IsValid=true, Min=(X=0.000 Y=-4460.000 Z=400.000), Max=(X=200.000 Y=-4260.000 Z=600.000) RuntimeGrid:None EditorOnly:0 RuntimeOnly:0 HLODRelevant:0 FolderPath:Lighting FolderGuid:0BA5F0A04EADB18E70D5B180D08FA34B
 |   |   |- Guid:D186FA5942B6322F83B27FB645127985 BaseClass: NativeClass:/Script/Engine.StaticMeshActor Name:StaticMeshActor_UAID_50EBF6B6EB58D10E02_1642187088 Label:Object_35 SpatiallyLoaded:1 Bounds:IsValid=true, Min=(X=-3336.066 Y=2286.357 Z=1942.681), Max=(X=-3289.240 Y=2342.819 Z=2003.296) RuntimeGrid:None EditorOnly:0 RuntimeOnly:0 HLODRelevant:1
 |   |   |- Guid:D3813C4749E91F2ED63543B7A6478A38 BaseClass: NativeClass:/Script/Engine.StaticMeshActor Name:StaticMeshActor_UAID_50EBF6B6EB58D10E02_1641963074 Label:Object_11 SpatiallyLoaded:1 Bounds:IsValid=true, Min=(X=-3401.788 Y=2186.292 Z=1889.748), Max=(X=-2598.212 Y=2968.189 Z=2286.388) RuntimeGrid:None EditorOnly:0 RuntimeOnly:0 HLODRelevant:1
 |   |   |- Guid:D633A1AF4E34C7BAEBC844B761DDD691 BaseClass: NativeClass:/Script/Engine.StaticMeshActor Name:StaticMeshActor_UAID_50EBF6B6EB58D10E02_1641893070 Label:Object_7 SpatiallyLoaded:1 Bounds:IsValid=true, Min=(X=-3403.124 Y=2201.240 Z=1890.000), Max=(X=-2596.876 Y=2970.000 Z=1922.078) RuntimeGrid:None EditorOnly:0 RuntimeOnly:0 HLODRelevant:1
 |   |   |- Guid:D93E417F4516C135086694BF15F9BE59 BaseClass: NativeClass:/Script/Engine.StaticMeshActor Name:StaticMeshActor_UAID_50EBF6B6EB58D10E02_1642402101 Label:Object_57 SpatiallyLoaded:1 Bounds:IsValid=true, Min=(X=-2850.954 Y=2205.493 Z=1945.953), Max=(X=-2788.167 Y=2269.145 Z=2009.441) RuntimeGrid:None EditorOnly:0 RuntimeOnly:0 HLODRelevant:1
 |   |   |- Guid:E0E6810D4D01E86C6C74739A1D59A255 BaseClass: NativeClass:/Script/Engine.StaticMeshActor Name:StaticMeshActor_UAID_50EBF6B6EB58D10E02_1642010077 Label:Object_17 SpatiallyLoaded:1 Bounds:IsValid=true, Min=(X=-3399.528 Y=2355.494 Z=1919.378), Max=(X=-2600.472 Y=2548.604 Z=1928.917) RuntimeGrid:None EditorOnly:0 RuntimeOnly:0 HLODRelevant:1
 |   |   |- Guid:E13009574D936C0E443DBCAA311CBAE0 BaseClass: NativeClass:/Script/Engine.StaticMeshActor Name:StaticMeshActor_UAID_50EBF6B6EB58D10E02_1642349098 Label:Object_52 SpatiallyLoaded:1 Bounds:IsValid=true, Min=(X=-3210.492 Y=2206.254 Z=1945.953), Max=(X=-3147.521 Y=2270.050 Z=2009.441) RuntimeGrid:None EditorOnly:0 RuntimeOnly:0 HLODRelevant:1
 |   |   |- Guid:E137F44A4B2F01661EAF82BFDC3F68BA BaseClass: NativeClass:/Script/Engine.StaticMeshActor Name:StaticMeshActor_UAID_50EBF6B6EB58D10E02_1642205089 Label:Object_37 SpatiallyLoaded:1 Bounds:IsValid=true, Min=(X=-3338.710 Y=2284.165 Z=1945.953), Max=(X=-3275.739 Y=2347.961 Z=2009.441) RuntimeGrid:None EditorOnly:0 RuntimeOnly:0 HLODRelevant:1
 |   |   |- Guid:E5320C1B4FD9764CE7B54D8487AEC613 BaseClass: NativeClass:/Script/Engine.SkyLight Name:SkyLight_0 Label:SkyLight SpatiallyLoaded:0 Bounds:IsValid=true, Min=(X=0.000 Y=-4460.000 Z=690.000), Max=(X=0.000 Y=-4460.000 Z=690.000) RuntimeGrid:None EditorOnly:0 RuntimeOnly:0 HLODRelevant:0 FolderPath:Lighting FolderGuid:0BA5F0A04EADB18E70D5B180D08FA34B
 |   |   |- Guid:EC85479A46E5B89491E5D785FD149220 BaseClass: NativeClass:/Script/Engine.StaticMeshActor Name:StaticMeshActor_UAID_50EBF6B6EB58840E02_1326303514 Label:Object_5 SpatiallyLoaded:1 Bounds:IsValid=true, Min=(X=-1356.952 Y=1723.048 Z=1484.815), Max=(X=-805.110 Y=2251.036 Z=1692.184) RuntimeGrid:None EditorOnly:0 RuntimeOnly:0 HLODRelevant:1
 |   |   |- Guid:F4057E8F428C98C08A8BE2A5D60B3454 BaseClass: NativeClass:/Script/Engine.StaticMeshActor Name:StaticMeshActor_UAID_50EBF6B6EB58D10E02_1642119084 Label:Object_29 SpatiallyLoaded:1 Bounds:IsValid=true, Min=(X=-3378.365 Y=2312.269 Z=1942.681), Max=(X=-3333.625 Y=2367.728 Z=2003.296) RuntimeGrid:None EditorOnly:0 RuntimeOnly:0 HLODRelevant:1
 |   |   |- Guid:F74A53D94692A05DA25B34BD3639BB42 BaseClass: NativeClass:/Script/Engine.StaticMeshActor Name:StaticMeshActor_UAID_50EBF6B6EB58D10E02_1642284094 Label:Object_45 SpatiallyLoaded:1 Bounds:IsValid=true, Min=(X=-3251.033 Y=2234.269 Z=1942.681), Max=(X=-3204.206 Y=2290.730 Z=2003.296) RuntimeGrid:None EditorOnly:0 RuntimeOnly:0 HLODRelevant:1
 |   |   |- Guid:F80621C9446867154938FE81375207DA BaseClass: NativeClass:/Script/Engine.DirectionalLight Name:DirectionalLight_1 Label:DirectionalLight SpatiallyLoaded:0 Bounds:IsValid=true, Min=(X=-4398046511104.000 Y=-4398046511104.000 Z=-4398046511104.000), Max=(X=4398046511104.000 Y=4398046511104.000 Z=4398046511104.000) RuntimeGrid:None EditorOnly:0 RuntimeOnly:0 HLODRelevant:0 FolderPath:Lighting FolderGuid:0BA5F0A04EADB18E70D5B180D08FA34B
 |   |   |- Guid:F8A1E109475A4068861D8C8B08F3B14C BaseClass: NativeClass:/Script/Engine.StaticMeshActor Name:StaticMeshActor_UAID_50EBF6B6EB58CD0E02_1523543360 Label:StaticMeshActor2 SpatiallyLoaded:1 Bounds:IsValid=true, Min=(X=-720.000 Y=2880.000 Z=1530.000), Max=(X=-720.000 Y=2880.000 Z=1530.000) RuntimeGrid:None EditorOnly:0 RuntimeOnly:0 HLODRelevant:0
 |   |   |- Guid:FC709EE744309690724F1C839601E190 BaseClass:/Game/FirstPerson/Blueprints/Door_L_Smooth_Scracthes_0_Blueprint.Door_L_Smooth_Scracthes_0_Blueprint_C NativeClass:/Script/Engine.Actor Name:Door_L_Smooth_Scracthes_0_Blueprint_C_UAID_50EBF6B6EB58CD0E02_1945852365 Label:Door_L_Smooth_Scracthes_0_Blueprint SpatiallyLoaded:1 Bounds:IsValid=true, Min=(X=-1845.155 Y=2237.655 Z=1514.489), Max=(X=-1581.943 Y=2329.345 Z=1745.159) RuntimeGrid:None EditorOnly:0 RuntimeOnly:0 HLODRelevant:0
 |   |- [+] Clusters:
 |   |   |- [+] [  0]
 |   |   |   |- Guid:B13A1E754D6B873550DAEB89B36CD538 BaseClass: NativeClass:/Script/Engine.StaticMeshActor Name:StaticMeshActor_UAID_50EBF6B6EB58D10E02_1642581112 Label:Object_75 SpatiallyLoaded:1 Bounds:IsValid=true, Min=(X=-2667.625 Y=2312.878 Z=1942.681), Max=(X=-2621.214 Y=2369.471 Z=2003.296) RuntimeGrid:None EditorOnly:0 RuntimeOnly:0 HLODRelevant:1
 |   |   |- [+] [  1]
 |   |   |   |- Guid:61391D344900612A77DFC3BA3E354907 BaseClass: NativeClass:/Script/Engine.ExponentialHeightFog Name:ExponentialHeightFog_0 Label:ExponentialHeightFog SpatiallyLoaded:0 Bounds:IsValid=true, Min=(X=-5600.000 Y=-50.000 Z=-6850.000), Max=(X=-5600.000 Y=-50.000 Z=-6850.000) RuntimeGrid:None EditorOnly:0 RuntimeOnly:0 HLODRelevant:0 FolderPath:Lighting FolderGuid:0BA5F0A04EADB18E70D5B180D08FA34B
 |   |   |- [+] [  2]
 |   |   |   |- Guid:5FE7584649BB6F09265329A6C57CFD0D BaseClass: NativeClass:/Script/Engine.VolumetricCloud Name:VolumetricCloud_0 Label:VolumetricCloud SpatiallyLoaded:0 Bounds:IsValid=true, Min=(X=0.000 Y=-4460.000 Z=820.000), Max=(X=0.000 Y=-4460.000 Z=820.000) RuntimeGrid:None EditorOnly:0 RuntimeOnly:0 HLODRelevant:0 FolderPath:Lighting FolderGuid:0BA5F0A04EADB18E70D5B180D08FA34B
 |   |   |- [+] [  3]
 |   |   |   |- Guid:1F1B14C94DD33D243AD06A86A3D73EB3 BaseClass: NativeClass:/Script/Engine.StaticMeshActor Name:StaticMeshActor_UAID_50EBF6B6EB58D10E02_1641980075 Label:Object_13 SpatiallyLoaded:1 Bounds:IsValid=true, Min=(X=-3392.492 Y=2195.482 Z=1940.194), Max=(X=-2607.508 Y=2352.560 Z=1947.527) RuntimeGrid:None EditorOnly:0 RuntimeOnly:0 HLODRelevant:1
 |   |   |- [+] [  4]
 |   |   |   |- Guid:06F34E1A4D5F89F6A46BEA918F02CA7D BaseClass: NativeClass:/Script/Engine.StaticMeshActor Name:StaticMeshActor_UAID_50EBF6B6EB58D10E02_1642563111 Label:Object_74 SpatiallyLoaded:1 Bounds:IsValid=true, Min=(X=-2666.641 Y=2312.920 Z=1942.681), Max=(X=-2621.293 Y=2367.855 Z=2003.296) RuntimeGrid:None EditorOnly:0 RuntimeOnly:0 HLODRelevant:1
 |   |   |- [+] [  5]
 |   |   |   |- Guid:EC85479A46E5B89491E5D785FD149220 BaseClass: NativeClass:/Script/Engine.StaticMeshActor Name:StaticMeshActor_UAID_50EBF6B6EB58840E02_1326303514 Label:Object_5 SpatiallyLoaded:1 Bounds:IsValid=true, Min=(X=-1356.952 Y=1723.048 Z=1484.815), Max=(X=-805.110 Y=2251.036 Z=1692.184) RuntimeGrid:None EditorOnly:0 RuntimeOnly:0 HLODRelevant:1
 |   |   |- [+] [  6]
 |   |   |   |- Guid:F80621C9446867154938FE81375207DA BaseClass: NativeClass:/Script/Engine.DirectionalLight Name:DirectionalLight_1 Label:DirectionalLight SpatiallyLoaded:0 Bounds:IsValid=true, Min=(X=-4398046511104.000 Y=-4398046511104.000 Z=-4398046511104.000), Max=(X=4398046511104.000 Y=4398046511104.000 Z=4398046511104.000) RuntimeGrid:None EditorOnly:0 RuntimeOnly:0 HLODRelevant:0 FolderPath:Lighting FolderGuid:0BA5F0A04EADB18E70D5B180D08FA34B
 |   |   |- [+] [  7]
 |   |   |   |- Guid:75380C084C329A70AE4D6CAD300BE4B2 BaseClass: NativeClass:/Script/Engine.StaticMeshActor Name:StaticMeshActor_UAID_50EBF6B6EB58840E02_1326291513 Label:Object_4 SpatiallyLoaded:1 Bounds:IsValid=true, Min=(X=-1328.046 Y=1748.562 Z=1516.234), Max=(X=-843.252 Y=2257.458 Z=1726.981) RuntimeGrid:None EditorOnly:0 RuntimeOnly:0 HLODRelevant:1
 |   |   |- [+] [  8]
 |   |   |   |- Guid:B993CE6E461F6ADABBACDA8723ADD69F BaseClass: NativeClass:/Script/Engine.StaticMeshActor Name:StaticMeshActor_UAID_50EBF6B6EB58D10E02_1642420102 Label:Object_59 SpatiallyLoaded:1 Bounds:IsValid=true, Min=(X=-2794.088 Y=2233.755 Z=1942.681), Max=(X=-2748.740 Y=2288.690 Z=2003.296) RuntimeGrid:None EditorOnly:0 RuntimeOnly:0 HLODRelevant:1
 |   |   |- [+] [  9]
 |   |   |   |- Guid:6B0A2F9D408226A2C1A7B98E2E966E7F BaseClass: NativeClass:/Script/Engine.StaticMeshActor Name:StaticMeshActor_UAID_50EBF6B6EB58D10E02_1642149086 Label:Object_32 SpatiallyLoaded:1 Bounds:IsValid=true, Min=(X=-3381.005 Y=2309.986 Z=1945.953), Max=(X=-3318.033 Y=2373.782 Z=2009.441) RuntimeGrid:None EditorOnly:0 RuntimeOnly:0 HLODRelevant:1
 |   |   |- [+] [ 10]
 |   |   |   |- Guid:3B87F7EF471651499961879F2067632C BaseClass: NativeClass:/Script/Engine.StaticMeshActor Name:StaticMeshActor_UAID_50EBF6B6EB58D10E02_1642502107 Label:Object_67 SpatiallyLoaded:1 Bounds:IsValid=true, Min=(X=-2766.656 Y=2257.610 Z=1945.953), Max=(X=-2703.869 Y=2321.261 Z=2009.441) RuntimeGrid:None EditorOnly:0 RuntimeOnly:0 HLODRelevant:1
 |   |   |- [+] [ 11]
 |   |   |   |- Guid:993763D847DF6F7ED3C494885786E70E BaseClass: NativeClass:/Script/Engine.StaticMeshActor Name:StaticMeshActor_UAID_50EBF6B6EB58D10E02_1642453104 Label:Object_62 SpatiallyLoaded:1 Bounds:IsValid=true, Min=(X=-2808.805 Y=2231.552 Z=1945.953), Max=(X=-2746.018 Y=2295.203 Z=2009.441) RuntimeGrid:None EditorOnly:0 RuntimeOnly:0 HLODRelevant:1
 |   |   |- [+] [ 12]
 |   |   |   |- Guid:7B470F9A487490CEA8F056967470019B BaseClass: NativeClass:/Script/Engine.StaticMeshActor Name:StaticMeshActor_UAID_50EBF6B6EB58D10E02_1642071081 Label:Object_25 SpatiallyLoaded:1 Bounds:IsValid=true, Min=(X=-3241.375 Y=2419.524 Z=1988.759), Max=(X=-3195.573 Y=2470.367 Z=2027.286) RuntimeGrid:None EditorOnly:0 RuntimeOnly:0 HLODRelevant:1
 |   |   |- [+] [ 13]
 |   |   |   |- Guid:2D48D9384C9469B7AC7EA0958CDD770E BaseClass: NativeClass:/Script/Engine.StaticMeshActor Name:StaticMeshActor_UAID_50EBF6B6EB58D10E02_1641927072 Label:Object_9 SpatiallyLoaded:1 Bounds:IsValid=true, Min=(X=-3092.804 Y=2190.184 Z=1899.622), Max=(X=-2907.196 Y=2207.619 Z=2085.231) RuntimeGrid:None EditorOnly:0 RuntimeOnly:0 HLODRelevant:1
 |   |   |- [+] [ 14]
 |   |   |   |- Guid:502539B744E94E67BA719F91D2211D7D BaseClass: NativeClass:/Script/Engine.StaticMeshActor Name:StaticMeshActor_UAID_50EBF6B6EB58D10E02_1642134085 Label:Object_30 SpatiallyLoaded:1 Bounds:IsValid=true, Min=(X=-3378.361 Y=2312.179 Z=1942.681), Max=(X=-3331.534 Y=2368.640 Z=2003.296) RuntimeGrid:None EditorOnly:0 RuntimeOnly:0 HLODRelevant:1
 |   |   |- [+] [ 15]
 |   |   |   |- Guid:7B1DBBCC41E72258E9C317AD37F424A3 BaseClass: NativeClass:/Script/Engine.StaticMeshActor Name:StaticMeshActor_UAID_50EBF6B6EB58D10E02_1642438103 Label:Object_60 SpatiallyLoaded:1 Bounds:IsValid=true, Min=(X=-2795.072 Y=2233.713 Z=1942.681), Max=(X=-2748.661 Y=2290.306 Z=2003.296) RuntimeGrid:None EditorOnly:0 RuntimeOnly:0 HLODRelevant:1
 |   |   |- [+] [ 16]
 |   |   |   |- Guid:C66E5973464D024051010987B91B787E BaseClass: NativeClass:/Script/Engine.StaticMeshActor Name:StaticMeshActor_UAID_50EBF6B6EB58D10E02_1642167087 Label:Object_34 SpatiallyLoaded:1 Bounds:IsValid=true, Min=(X=-3336.071 Y=2286.448 Z=1942.681), Max=(X=-3291.330 Y=2341.906 Z=2003.296) RuntimeGrid:None EditorOnly:0 RuntimeOnly:0 HLODRelevant:1
 |   |   |- [+] [ 17]
 |   |   |   |- Guid:E13009574D936C0E443DBCAA311CBAE0 BaseClass: NativeClass:/Script/Engine.StaticMeshActor Name:StaticMeshActor_UAID_50EBF6B6EB58D10E02_1642349098 Label:Object_52 SpatiallyLoaded:1 Bounds:IsValid=true, Min=(X=-3210.492 Y=2206.254 Z=1945.953), Max=(X=-3147.521 Y=2270.050 Z=2009.441) RuntimeGrid:None EditorOnly:0 RuntimeOnly:0 HLODRelevant:1
 |   |   |- [+] [ 18]
 |   |   |   |- Guid:FC709EE744309690724F1C839601E190 BaseClass:/Game/FirstPerson/Blueprints/Door_L_Smooth_Scracthes_0_Blueprint.Door_L_Smooth_Scracthes_0_Blueprint_C NativeClass:/Script/Engine.Actor Name:Door_L_Smooth_Scracthes_0_Blueprint_C_UAID_50EBF6B6EB58CD0E02_1945852365 Label:Door_L_Smooth_Scracthes_0_Blueprint SpatiallyLoaded:1 Bounds:IsValid=true, Min=(X=-1845.155 Y=2237.655 Z=1514.489), Max=(X=-1581.943 Y=2329.345 Z=1745.159) RuntimeGrid:None EditorOnly:0 RuntimeOnly:0 HLODRelevant:0
 |   |   |- [+] [ 19]
 |   |   |   |- Guid:F4057E8F428C98C08A8BE2A5D60B3454 BaseClass: NativeClass:/Script/Engine.StaticMeshActor Name:StaticMeshActor_UAID_50EBF6B6EB58D10E02_1642119084 Label:Object_29 SpatiallyLoaded:1 Bounds:IsValid=true, Min=(X=-3378.365 Y=2312.269 Z=1942.681), Max=(X=-3333.625 Y=2367.728 Z=2003.296) RuntimeGrid:None EditorOnly:0 RuntimeOnly:0 HLODRelevant:1
 |   |   |- [+] [ 20]
 |   |   |   |- Guid:93DA7D7B4DA11E5AA1C1899BA18930FA BaseClass: NativeClass:/Script/Engine.StaticMeshActor Name:StaticMeshActor_UAID_50EBF6B6EB58D10E02_1642470105 Label:Object_64 SpatiallyLoaded:1 Bounds:IsValid=true, Min=(X=-2751.940 Y=2259.814 Z=1942.681), Max=(X=-2706.591 Y=2314.748 Z=2003.296) RuntimeGrid:None EditorOnly:0 RuntimeOnly:0 HLODRelevant:1
 |   |   |- [+] [ 21]
 |   |   |   |- Guid:7A7CEEAA47D0F1A253E4D98EFE50783A BaseClass: NativeClass:/Script/Engine.StaticMeshActor Name:StaticMeshActor_UAID_50EBF6B6EB58D10E02_1642628115 Label:Object_81 SpatiallyLoaded:1 Bounds:IsValid=true, Min=(X=-2738.547 Y=2736.216 Z=1889.346), Max=(X=-2621.557 Y=2853.206 Z=1982.582) RuntimeGrid:None EditorOnly:0 RuntimeOnly:0 HLODRelevant:1
 |   |   |- [+] [ 22]
 |   |   |   |- Guid:6672142E470797ABCE9ECFB690FA1B27 BaseClass: NativeClass:/Script/Engine.StaticMeshActor Name:StaticMeshActor_UAID_50EBF6B6EB58D10E02_1641995076 Label:Object_15 SpatiallyLoaded:1 Bounds:IsValid=true, Min=(X=-3402.085 Y=2200.500 Z=1919.850), Max=(X=-2597.915 Y=2369.254 Z=1928.129) RuntimeGrid:None EditorOnly:0 RuntimeOnly:0 HLODRelevant:1
 |   |   |- [+] [ 23]
 |   |   |   |- Guid:3994AEAD472DE498CA5F1FB47717D4CC BaseClass: NativeClass:/Script/Engine.StaticMeshActor Name:StaticMeshActor_UAID_50EBF6B6EB58CD0E02_1203009376 Label:DoorFrame_Smooth_Scracthes_0 SpatiallyLoaded:1 Bounds:IsValid=true, Min=(X=-1836.413 Y=2299.154 Z=1644.951), Max=(X=-1590.063 Y=2320.839 Z=1698.495) RuntimeGrid:None EditorOnly:0 RuntimeOnly:0 HLODRelevant:1
 |   |   |- [+] [ 24]
 |   |   |   |- Guid:5FFB4CD6479D4FFFC2835984FEE204EB BaseClass: NativeClass:/Script/Engine.StaticMeshActor Name:StaticMeshActor_UAID_50EBF6B6EB58D10E02_1642221090 Label:Object_39 SpatiallyLoaded:1 Bounds:IsValid=true, Min=(X=-3293.777 Y=2260.626 Z=1942.681), Max=(X=-3249.036 Y=2316.084 Z=2003.296) RuntimeGrid:None EditorOnly:0 RuntimeOnly:0 HLODRelevant:1
 |   |   |- [+] [ 25]
 |   |   |   |- Guid:E5320C1B4FD9764CE7B54D8487AEC613 BaseClass: NativeClass:/Script/Engine.SkyLight Name:SkyLight_0 Label:SkyLight SpatiallyLoaded:0 Bounds:IsValid=true, Min=(X=0.000 Y=-4460.000 Z=690.000), Max=(X=0.000 Y=-4460.000 Z=690.000) RuntimeGrid:None EditorOnly:0 RuntimeOnly:0 HLODRelevant:0 FolderPath:Lighting FolderGuid:0BA5F0A04EADB18E70D5B180D08FA34B
 |   |   |- [+] [ 26]
 |   |   |   |- Guid:8CA1EC4349F7643033B9C8A70DD8AA12 BaseClass: NativeClass:/Script/Engine.StaticMeshActor Name:StaticMeshActor_UAID_50EBF6B6EB58D10E02_1642598113 Label:Object_77 SpatiallyLoaded:1 Bounds:IsValid=true, Min=(X=-2681.358 Y=2310.717 Z=1945.953), Max=(X=-2618.571 Y=2374.368 Z=2009.441) RuntimeGrid:None EditorOnly:0 RuntimeOnly:0 HLODRelevant:1
 |   |   |- [+] [ 27]
 |   |   |   |- Guid:601F155445989E4D617F5CB520DA0B0A BaseClass: NativeClass:/Script/Engine.StaticMeshActor Name:StaticMeshActor_UAID_50EBF6B6EB58D10E02_1642676118 Label:Object_87 SpatiallyLoaded:1 Bounds:IsValid=true, Min=(X=-3282.020 Y=2833.963 Z=1889.346), Max=(X=-3165.030 Y=2950.953 Z=1982.582) RuntimeGrid:None EditorOnly:0 RuntimeOnly:0 HLODRelevant:1
 |   |   |- [+] [ 28]
 |   |   |   |- Guid:26CEED3F449B4FECC8307B9A678C5B10 BaseClass: NativeClass:/Script/Engine.StaticMeshActor Name:StaticMeshActor_UAID_50EBF6B6EB58D10E02_1642487106 Label:Object_65 SpatiallyLoaded:1 Bounds:IsValid=true, Min=(X=-2752.923 Y=2259.771 Z=1942.681), Max=(X=-2706.512 Y=2316.364 Z=2003.296) RuntimeGrid:None EditorOnly:0 RuntimeOnly:0 HLODRelevant:1
 |   |   |- [+] [ 29]
 |   |   |   |- Guid:A24720064E58676CA293909579555711 BaseClass: NativeClass:/Script/Engine.StaticMeshActor Name:StaticMeshActor_UAID_50EBF6B6EB58CD0E02_1202970373 Label:DoorFrame_Glow_0 SpatiallyLoaded:1 Bounds:IsValid=true, Min=(X=-1185.475 Y=2297.268 Z=1695.862), Max=(X=-962.928 Y=2320.895 Z=1749.041) RuntimeGrid:None EditorOnly:0 RuntimeOnly:0 HLODRelevant:1
 |   |   |- [+] [ 30]
 |   |   |   |- Guid:2D2784A245894D5E54B728BE5FBCBC8B BaseClass: NativeClass:/Script/Engine.StaticMeshActor Name:StaticMeshActor_UAID_50EBF6B6EB58D10E02_1641945073 Label:Object_10 SpatiallyLoaded:1 Bounds:IsValid=true, Min=(X=-3064.413 Y=2196.332 Z=1922.427), Max=(X=-2935.587 Y=2204.056 Z=2062.427) RuntimeGrid:None EditorOnly:0 RuntimeOnly:0 HLODRelevant:1
 |   |   |- [+] [ 31]
 |   |   |   |- Guid:07BEEDEA4BCC1311D38F7DA1C72BA9DD BaseClass: NativeClass:/Script/Engine.StaticMeshActor Name:StaticMeshActor_UAID_50EBF6B6EB58D10E02_1642251092 Label:Object_42 SpatiallyLoaded:1 Bounds:IsValid=true, Min=(X=-3296.416 Y=2258.343 Z=1945.953), Max=(X=-3233.445 Y=2322.139 Z=2009.441) RuntimeGrid:None EditorOnly:0 RuntimeOnly:0 HLODRelevant:1
 |   |   |- [+] [ 32]
 |   |   |   |- Guid:F8A1E109475A4068861D8C8B08F3B14C BaseClass: NativeClass:/Script/Engine.StaticMeshActor Name:StaticMeshActor_UAID_50EBF6B6EB58CD0E02_1523543360 Label:StaticMeshActor2 SpatiallyLoaded:1 Bounds:IsValid=true, Min=(X=-720.000 Y=2880.000 Z=1530.000), Max=(X=-720.000 Y=2880.000 Z=1530.000) RuntimeGrid:None EditorOnly:0 RuntimeOnly:0 HLODRelevant:0
 |   |   |- [+] [ 33]
 |   |   |   |- Guid:9598A9D64F8627395390F9AA244760FD BaseClass: NativeClass:/Script/Engine.StaticMeshActor Name:StaticMeshActor_UAID_50EBF6B6EB58840E02_1326261511 Label:Object_2 SpatiallyLoaded:1 Bounds:IsValid=true, Min=(X=-1356.952 Y=1723.023 Z=1516.283), Max=(X=-804.003 Y=2257.262 Z=1727.286) RuntimeGrid:None EditorOnly:0 RuntimeOnly:0 HLODRelevant:1
 |   |   |- [+] [ 34]
 |   |   |   |- Guid:5CEEA00B49349D8E76869FB184789030 BaseClass: NativeClass:/Script/Engine.PlayerStart Name:PlayerStart_UAID_50EBF6B6EB58840E02_1910676513 Label:PlayerStart2 SpatiallyLoaded:0 Bounds:IsValid=true, Min=(X=-1324.422 Y=2429.739 Z=1486.624), Max=(X=-1244.422 Y=2509.739 Z=1670.624) RuntimeGrid:None EditorOnly:0 RuntimeOnly:0 HLODRelevant:0
 |   |   |- [+] [ 35]
 |   |   |   |- Guid:7CA71C944B2642D8682EA78564DCB19D BaseClass: NativeClass:/Script/Engine.StaticMeshActor Name:StaticMeshActor_UAID_50EBF6B6EB58D10E02_1642367099 Label:Object_54 SpatiallyLoaded:1 Bounds:IsValid=true, Min=(X=-2836.237 Y=2207.697 Z=1942.681), Max=(X=-2790.889 Y=2262.632 Z=2003.296) RuntimeGrid:None EditorOnly:0 RuntimeOnly:0 HLODRelevant:1
 |   |   |- [+] [ 36]
 |   |   |   |- Guid:D633A1AF4E34C7BAEBC844B761DDD691 BaseClass: NativeClass:/Script/Engine.StaticMeshActor Name:StaticMeshActor_UAID_50EBF6B6EB58D10E02_1641893070 Label:Object_7 SpatiallyLoaded:1 Bounds:IsValid=true, Min=(X=-3403.124 Y=2201.240 Z=1890.000), Max=(X=-2596.876 Y=2970.000 Z=1922.078) RuntimeGrid:None EditorOnly:0 RuntimeOnly:0 HLODRelevant:1
 |   |   |- [+] [ 37]
 |   |   |   |- Guid:A8242FBE4309520C53D6B0AD7A0A18DF BaseClass: NativeClass:/Script/Engine.StaticMeshActor Name:StaticMeshActor_UAID_50EBF6B6EB58D10E02_1642517108 Label:Object_69 SpatiallyLoaded:1 Bounds:IsValid=true, Min=(X=-2709.192 Y=2286.068 Z=1942.681), Max=(X=-2663.844 Y=2341.002 Z=2003.296) RuntimeGrid:None EditorOnly:0 RuntimeOnly:0 HLODRelevant:1
 |   |   |- [+] [ 38]
 |   |   |   |- Guid:53A72C1A41F7A51EC06B57BF956147F4 BaseClass: NativeClass:/Script/Engine.StaticMeshActor Name:StaticMeshActor_UAID_50EBF6B6EB58D10E02_1642331097 Label:Object_50 SpatiallyLoaded:1 Bounds:IsValid=true, Min=(X=-3207.848 Y=2208.447 Z=1942.681), Max=(X=-3161.022 Y=2264.908 Z=2003.296) RuntimeGrid:None EditorOnly:0 RuntimeOnly:0 HLODRelevant:1
 |   |   |- [+] [ 39]
 |   |   |   |- Guid:999FD9F8495BB9A4A75FB9B04B37BE4E BaseClass: NativeClass:/Script/Engine.StaticMeshActor Name:StaticMeshActor_UAID_50EBF6B6EB58D10E02_1642548110 Label:Object_72 SpatiallyLoaded:1 Bounds:IsValid=true, Min=(X=-2723.909 Y=2283.864 Z=1945.953), Max=(X=-2661.122 Y=2347.516 Z=2009.441) RuntimeGrid:None EditorOnly:0 RuntimeOnly:0 HLODRelevant:1
 |   |   |- [+] [ 40]
 |   |   |   |- Guid:B5A9A65E4A37CF47D87C7DA9501806F5 BaseClass: NativeClass:/Script/Engine.StaticMeshActor Name:StaticMeshActor_UAID_50EBF6B6EB58D10E02_1642087082 Label:Object_26 SpatiallyLoaded:1 Bounds:IsValid=true, Min=(X=-3243.969 Y=2419.034 Z=1988.436), Max=(X=-3188.480 Y=2477.464 Z=2029.492) RuntimeGrid:None EditorOnly:0 RuntimeOnly:0 HLODRelevant:1
 |   |   |- [+] [ 41]
 |   |   |   |- Guid:D93E417F4516C135086694BF15F9BE59 BaseClass: NativeClass:/Script/Engine.StaticMeshActor Name:StaticMeshActor_UAID_50EBF6B6EB58D10E02_1642402101 Label:Object_57 SpatiallyLoaded:1 Bounds:IsValid=true, Min=(X=-2850.954 Y=2205.493 Z=1945.953), Max=(X=-2788.167 Y=2269.145 Z=2009.441) RuntimeGrid:None EditorOnly:0 RuntimeOnly:0 HLODRelevant:1
 |   |   |- [+] [ 42]
 |   |   |   |- Guid:944DE796471C74FCD83A048E6AF04C22 BaseClass: NativeClass:/Script/Engine.StaticMeshActor Name:StaticMeshActor_UAID_50EBF6B6EB58D10E02_1642039079 Label:Object_21 SpatiallyLoaded:1 Bounds:IsValid=true, Min=(X=-3163.909 Y=2188.320 Z=1900.480), Max=(X=-2836.091 Y=2200.959 Z=2286.848) RuntimeGrid:None EditorOnly:0 RuntimeOnly:0 HLODRelevant:1
 |   |   |- [+] [ 43]
 |   |   |   |- Guid:636F83B54FB6F0F33049AE976DFE0469 BaseClass: NativeClass:/Script/Engine.StaticMeshActor Name:StaticMeshActor_UAID_50EBF6B6EB58CD0E02_1202997375 Label:DoorFrame_Rough_0 SpatiallyLoaded:1 Bounds:IsValid=true, Min=(X=-1860.267 Y=2247.380 Z=1507.008), Max=(X=-1568.136 Y=2329.550 Z=1759.437) RuntimeGrid:None EditorOnly:0 RuntimeOnly:0 HLODRelevant:1
 |   |   |- [+] [ 44]
 |   |   |   |- Guid:E137F44A4B2F01661EAF82BFDC3F68BA BaseClass: NativeClass:/Script/Engine.StaticMeshActor Name:StaticMeshActor_UAID_50EBF6B6EB58D10E02_1642205089 Label:Object_37 SpatiallyLoaded:1 Bounds:IsValid=true, Min=(X=-3338.710 Y=2284.165 Z=1945.953), Max=(X=-3275.739 Y=2347.961 Z=2009.441) RuntimeGrid:None EditorOnly:0 RuntimeOnly:0 HLODRelevant:1
 |   |   |- [+] [ 45]
 |   |   |   |- Guid:10E782E446084C481F5624942291AC4A BaseClass: NativeClass:/Script/Engine.StaticMeshActor Name:StaticMeshActor_UAID_50EBF6B6EB58840E02_1326278512 Label:Object_3 SpatiallyLoaded:1 Bounds:IsValid=true, Min=(X=-1349.243 Y=1807.488 Z=1493.430), Max=(X=-829.882 Y=2225.890 Z=1696.784) RuntimeGrid:None EditorOnly:0 RuntimeOnly:0 HLODRelevant:1
 |   |   |- [+] [ 46]
 |   |   |   |- Guid:9D31A6D34CA16DAB22C0F5BBEBC1A38C BaseClass: NativeClass:/Script/Engine.StaticMeshActor Name:StaticMeshActor_UAID_50EBF6B6EB58CD0E02_1690247362 Label:Object_6 SpatiallyLoaded:1 Bounds:IsValid=true, Min=(X=-936.952 Y=1368.372 Z=1516.283), Max=(X=-384.003 Y=2258.770 Z=1727.286) RuntimeGrid:None EditorOnly:0 RuntimeOnly:0 HLODRelevant:1
 |   |   |- [+] [ 47]
 |   |   |   |- Guid:7EA69431494D4E84BA2A78821B3BCCC9 BaseClass: NativeClass:/Script/Engine.StaticMeshActor Name:StaticMeshActor_UAID_50EBF6B6EB58D10E02_1642315096 Label:Object_49 SpatiallyLoaded:1 Bounds:IsValid=true, Min=(X=-3207.853 Y=2208.537 Z=1942.681), Max=(X=-3163.112 Y=2263.996 Z=2003.296) RuntimeGrid:None EditorOnly:0 RuntimeOnly:0 HLODRelevant:1
 |   |   |- [+] [ 48]
 |   |   |   |- Guid:99A07B0041846A7D3A911D875E27A544 BaseClass: NativeClass:/Script/Engine.StaticMeshActor Name:StaticMeshActor_UAID_50EBF6B6EB58D10E02_1641911071 Label:Object_8 SpatiallyLoaded:1 Bounds:IsValid=true, Min=(X=-3081.358 Y=2205.101 Z=1919.967), Max=(X=-2918.642 Y=2549.950 Z=1925.044) RuntimeGrid:None EditorOnly:0 RuntimeOnly:0 HLODRelevant:1
 |   |   |- [+] [ 49]
 |   |   |   |- Guid:F74A53D94692A05DA25B34BD3639BB42 BaseClass: NativeClass:/Script/Engine.StaticMeshActor Name:StaticMeshActor_UAID_50EBF6B6EB58D10E02_1642284094 Label:Object_45 SpatiallyLoaded:1 Bounds:IsValid=true, Min=(X=-3251.033 Y=2234.269 Z=1942.681), Max=(X=-3204.206 Y=2290.730 Z=2003.296) RuntimeGrid:None EditorOnly:0 RuntimeOnly:0 HLODRelevant:1
 |   |   |- [+] [ 50]
 |   |   |   |- Guid:10F72D30413DF3F161916B9DA6B863DF BaseClass: NativeClass:/Script/Engine.StaticMeshActor Name:StaticMeshActor_UAID_50EBF6B6EB58D10E02_1642055080 Label:Object_23 SpatiallyLoaded:1 Bounds:IsValid=true, Min=(X=-3400.698 Y=2333.826 Z=1916.292), Max=(X=-2599.302 Y=2350.261 Z=2285.830) RuntimeGrid:None EditorOnly:0 RuntimeOnly:0 HLODRelevant:1
 |   |   |- [+] [ 51]
 |   |   |   |- Guid:D3813C4749E91F2ED63543B7A6478A38 BaseClass: NativeClass:/Script/Engine.StaticMeshActor Name:StaticMeshActor_UAID_50EBF6B6EB58D10E02_1641963074 Label:Object_11 SpatiallyLoaded:1 Bounds:IsValid=true, Min=(X=-3401.788 Y=2186.292 Z=1889.748), Max=(X=-2598.212 Y=2968.189 Z=2286.388) RuntimeGrid:None EditorOnly:0 RuntimeOnly:0 HLODRelevant:1
 |   |   |- [+] [ 52]
 |   |   |   |- Guid:AD93B186493F2ACB54B8C2934A604200 BaseClass: NativeClass:/Script/Engine.StaticMeshActor Name:StaticMeshActor_UAID_50EBF6B6EB58D10E02_1642298095 Label:Object_47 SpatiallyLoaded:1 Bounds:IsValid=true, Min=(X=-3253.677 Y=2232.076 Z=1945.953), Max=(X=-3190.705 Y=2295.872 Z=2009.441) RuntimeGrid:None EditorOnly:0 RuntimeOnly:0 HLODRelevant:1
 |   |   |- [+] [ 53]
 |   |   |   |- Guid:D186FA5942B6322F83B27FB645127985 BaseClass: NativeClass:/Script/Engine.StaticMeshActor Name:StaticMeshActor_UAID_50EBF6B6EB58D10E02_1642187088 Label:Object_35 SpatiallyLoaded:1 Bounds:IsValid=true, Min=(X=-3336.066 Y=2286.357 Z=1942.681), Max=(X=-3289.240 Y=2342.819 Z=2003.296) RuntimeGrid:None EditorOnly:0 RuntimeOnly:0 HLODRelevant:1
 |   |   |- [+] [ 54]
 |   |   |   |- Guid:7EE43A5F42166EA7BDA27F80F5FF5977 BaseClass: NativeClass:/Script/Engine.StaticMeshActor Name:StaticMeshActor_UAID_50EBF6B6EB58D10E02_1642644116 Label:Object_83 SpatiallyLoaded:1 Bounds:IsValid=true, Min=(X=-3295.331 Y=2668.418 Z=1891.470), Max=(X=-3161.378 Y=2802.370 Z=1987.314) RuntimeGrid:None EditorOnly:0 RuntimeOnly:0 HLODRelevant:1
 |   |   |- [+] [ 55]
 |   |   |   |- Guid:62C35DDB448F88B00AC341B6D982EF6A BaseClass: NativeClass:/Script/Engine.StaticMeshActor Name:StaticMeshActor_UAID_50EBF6B6EB58D10E02_1642613114 Label:Object_79 SpatiallyLoaded:1 Bounds:IsValid=true, Min=(X=-3260.566 Y=2404.554 Z=1922.786), Max=(X=-3168.577 Y=2496.543 Z=1987.945) RuntimeGrid:None EditorOnly:0 RuntimeOnly:0 HLODRelevant:1
 |   |   |- [+] [ 56]
 |   |   |   |- Guid:1F4AF8B84B0ACBB4A214C7A69B777A94 BaseClass: NativeClass:/Script/Engine.StaticMeshActor Name:StaticMeshActor_UAID_50EBF6B6EB58D10E02_1642532109 Label:Object_70 SpatiallyLoaded:1 Bounds:IsValid=true, Min=(X=-2710.176 Y=2286.025 Z=1942.681), Max=(X=-2663.765 Y=2342.618 Z=2003.296) RuntimeGrid:None EditorOnly:0 RuntimeOnly:0 HLODRelevant:1
 |   |   |- [+] [ 57]
 |   |   |   |- Guid:C22CE07C4B87D685137FDBBC10FC92C6 BaseClass: NativeClass:/Script/Engine.SkyAtmosphere Name:SkyAtmosphere_0 Label:SkyAtmosphere SpatiallyLoaded:0 Bounds:IsValid=true, Min=(X=0.000 Y=-5090.000 Z=1020.000), Max=(X=0.000 Y=-5090.000 Z=1020.000) RuntimeGrid:None EditorOnly:0 RuntimeOnly:0 HLODRelevant:0 FolderPath:Lighting FolderGuid:0BA5F0A04EADB18E70D5B180D08FA34B
 |   |   |- [+] [ 58]
 |   |   |   |- Guid:6FEFB3BD4EB37B849EF0D4AC80F83855 BaseClass: NativeClass:/Script/Engine.WorldDataLayers Name:WorldDataLayers Label:WorldDataLayers SpatiallyLoaded:0 Bounds:IsValid=true, Min=(X=0.000 Y=0.000 Z=0.000), Max=(X=0.000 Y=0.000 Z=0.000) RuntimeGrid:None EditorOnly:0 RuntimeOnly:0 HLODRelevant:0
 |   |   |- [+] [ 59]
 |   |   |   |- Guid:B5DFF7A94AD32E0BCFB5C8A73043D20B BaseClass: NativeClass:/Script/Engine.StaticMeshActor Name:StaticMeshActor_UAID_50EBF6B6EB58CD0E02_1522588359 Label:StaticMeshActor SpatiallyLoaded:1 Bounds:IsValid=true, Min=(X=-680.000 Y=2860.000 Z=1520.000), Max=(X=-680.000 Y=2860.000 Z=1520.000) RuntimeGrid:None EditorOnly:0 RuntimeOnly:0 HLODRelevant:0
 |   |   |- [+] [ 60]
 |   |   |   |- Guid:71434429421D23DC3E1BEA80CC8C057D BaseClass: NativeClass:/Script/Engine.StaticMeshActor Name:StaticMeshActor_UAID_50EBF6B6EB58D10E02_1642236091 Label:Object_40 SpatiallyLoaded:1 Bounds:IsValid=true, Min=(X=-3293.772 Y=2260.535 Z=1942.681), Max=(X=-3246.946 Y=2316.997 Z=2003.296) RuntimeGrid:None EditorOnly:0 RuntimeOnly:0 HLODRelevant:1
 |   |   |- [+] [ 61]
 |   |   |   |- Guid:6D5A4F2E4321F9A6F4A0DD997CD491D1 BaseClass: NativeClass:/Script/Engine.StaticMeshActor Name:StaticMeshActor_UAID_50EBF6B6EB58D10E02_1642268093 Label:Object_44 SpatiallyLoaded:1 Bounds:IsValid=true, Min=(X=-3251.037 Y=2234.359 Z=1942.681), Max=(X=-3206.297 Y=2289.817 Z=2003.296) RuntimeGrid:None EditorOnly:0 RuntimeOnly:0 HLODRelevant:1
 |   |   |- [+] [ 62]
 |   |   |   |- Guid:E0E6810D4D01E86C6C74739A1D59A255 BaseClass: NativeClass:/Script/Engine.StaticMeshActor Name:StaticMeshActor_UAID_50EBF6B6EB58D10E02_1642010077 Label:Object_17 SpatiallyLoaded:1 Bounds:IsValid=true, Min=(X=-3399.528 Y=2355.494 Z=1919.378), Max=(X=-2600.472 Y=2548.604 Z=1928.917) RuntimeGrid:None EditorOnly:0 RuntimeOnly:0 HLODRelevant:1
 |   |   |- [+] [ 63]
 |   |   |   |- Guid:6D8A2C744C72124940A1C8BEFC5D20F9 BaseClass: NativeClass:/Script/Engine.StaticMeshActor Name:StaticMeshActor_UAID_50EBF6B6EB58D10E02_1642659117 Label:Object_85 SpatiallyLoaded:1 Bounds:IsValid=true, Min=(X=-3010.581 Y=2175.136 Z=2085.646), Max=(X=-2989.419 Y=2199.839 Z=2110.784) RuntimeGrid:None EditorOnly:0 RuntimeOnly:0 HLODRelevant:1
 |   |   |- [+] [ 64]
 |   |   |   |- Guid:1F70A1B24422EC93844F249B8CF1D46C BaseClass: NativeClass:/Script/Engine.TriggerVolume Name:TriggerVolume_UAID_50EBF6B6EB58840E02_1844936512 Label:TriggerVolume SpatiallyLoaded:1 Bounds:IsValid=true, Min=(X=-1260.000 Y=1690.000 Z=1620.000), Max=(X=-1160.000 Y=1790.000 Z=1720.000) RuntimeGrid:None EditorOnly:0 RuntimeOnly:0 HLODRelevant:0
 |   |   |- [+] [ 65]
 |   |   |   |- Guid:7BE8AE2B45654DC1721333B3CC7F7D56 BaseClass: NativeClass:/Script/Engine.StaticMeshActor Name:StaticMeshActor_UAID_50EBF6B6EB58D10E02_1642384100 Label:Object_55 SpatiallyLoaded:1 Bounds:IsValid=true, Min=(X=-2837.221 Y=2207.655 Z=1942.681), Max=(X=-2790.810 Y=2264.248 Z=2003.296) RuntimeGrid:None EditorOnly:0 RuntimeOnly:0 HLODRelevant:1
 |   |   |- [+] [ 66]
 |   |   |   |- Guid:CE8D82634660FCDB3120E2B8D547C533 BaseClass: NativeClass:/Script/Engine.PostProcessVolume Name:PostProcessVolume_0 Label:PostProcessVolume SpatiallyLoaded:0 Bounds:IsValid=true, Min=(X=0.000 Y=-4460.000 Z=400.000), Max=(X=200.000 Y=-4260.000 Z=600.000) RuntimeGrid:None EditorOnly:0 RuntimeOnly:0 HLODRelevant:0 FolderPath:Lighting FolderGuid:0BA5F0A04EADB18E70D5B180D08FA34B
 |   |   |- [+] [ 67]
 |   |   |   |- Guid:B9A8E1F144C620A3F0D9B486E55B2621 BaseClass: NativeClass:/Script/Engine.StaticMeshActor Name:StaticMeshActor_UAID_50EBF6B6EB58D10E02_1642104083 Label:Object_27 SpatiallyLoaded:1 Bounds:IsValid=true, Min=(X=-3241.375 Y=2422.649 Z=1996.834), Max=(X=-3226.124 Y=2462.978 Z=2026.782) RuntimeGrid:None EditorOnly:0 RuntimeOnly:0 HLODRelevant:1
 |   |   |- [+] [ 68]
 |   |   |   |- Guid:04876FB54568A4D5C545FFBAA31FEA8B BaseClass: NativeClass:/Script/Engine.StaticMeshActor Name:StaticMeshActor_UAID_50EBF6B6EB58D10E02_1642024078 Label:Object_19 SpatiallyLoaded:1 Bounds:IsValid=true, Min=(X=-3398.939 Y=2569.890 Z=1890.251), Max=(X=-2601.061 Y=2968.231 Z=1899.790) RuntimeGrid:None EditorOnly:0 RuntimeOnly:0 HLODRelevant:1
 |- ContainerInstances:
 |- [+] MainContainer:
 |   |-        ID: 0x0000000000000000
 |   |-    Bounds: IsValid=false, Min=(X=0.000 Y=0.000 Z=0.000), Max=(X=0.000 Y=0.000 Z=0.000)
 |   |- Transform: 0.000000,0.000000,0.000000|0.000000,0.000000,-0.000000|1.000000,1.000000,1.000000
 |   |- Container: /Game/FirstPerson/Maps/FirstPersonMap
----------------------------------------------------------------------------------------------------------------
FirstPersonMap - Persistent Level
----------------------------------------------------------------------------------------------------------------
Always loaded Actor Count: 79 

----------------------------------------------------------------------------------------------------------------
FirstPersonMap - Runtime Spatial Hash - Streaming Grid - MainGrid
----------------------------------------------------------------------------------------------------------------
            Origin: X=0.000 Y=0.000 Z=0.000
         Cell Size: 12800
      World Bounds: IsValid=false, Min=(X=0.000 Y=0.000 Z=0.000), Max=(X=0.000 Y=0.000 Z=0.000)
     Loading Range: 25600.00
Block Slow Loading: No
 ClientOnlyVisible: No

[+] Grid Levels: 1
 |- Level  0: Cell Count    0 | Cell Size   12800 | Actor Count    0 (0.0%)

[+] Content of Grid Level 0

